Using pre-set license

 COMMAND LINE ARGUMENTS:
/Applications/Unity/Hub/Editor/2020.2.1f1/Unity.app/Contents/MacOS/Unity
-adb2
-batchMode
-noUpm
-name
AssetImportWorker0
-projectPath
/Users/ramandeep/Documents/Assignment2-Part1
-logFile
Logs/AssetImportWorker0.log
-srvPort
49392
Successfully changed project path to: /Users/ramandeep/Documents/Assignment2-Part1
/Users/ramandeep/Documents/Assignment2-Part1
Using Asset Import Pipeline V2.
Refreshing native plugins compatible for Editor in 36.31 ms, found 1 plugins.
Preloading 0 native plugins for Editor in 0.00 ms.
Initialize engine version: 2020.2.1f1 (270dd8c3da1c)
[Subsystems] Discovering subsystems at path /Applications/Unity/Hub/Editor/2020.2.1f1/Unity.app/Contents/Resources/UnitySubsystems
[Subsystems] Discovering subsystems at path /Users/ramandeep/Documents/Assignment2-Part1/Assets
GfxDevice: creating device client; threaded=0
2021-04-16 14:37:33.236 Unity[2455:27330] Color LCD preferred device: Intel(R) Iris(TM) Graphics 6000 (low power)
2021-04-16 14:37:33.236 Unity[2455:27330] Metal devices available: 1
2021-04-16 14:37:33.236 Unity[2455:27330] 0: Intel(R) Iris(TM) Graphics 6000 (low power)
2021-04-16 14:37:33.239 Unity[2455:27330] Using device Intel(R) Iris(TM) Graphics 6000 (low power)
Initializing Metal device caps: Intel(R) Iris(TM) Graphics 6000
Initialize mono
Mono path[0] = '/Applications/Unity/Hub/Editor/2020.2.1f1/Unity.app/Contents/Managed'
Mono path[1] = '/Applications/Unity/Hub/Editor/2020.2.1f1/Unity.app/Contents/MonoBleedingEdge/lib/mono/unityjit'
Mono config path = '/Applications/Unity/Hub/Editor/2020.2.1f1/Unity.app/Contents/MonoBleedingEdge/etc'
Using monoOptions --debugger-agent=transport=dt_socket,embedding=1,server=y,suspend=n,address=127.0.0.1:56455
Begin MonoManager ReloadAssembly
Registering precompiled unity dll's ...
Register platform support module: /Applications/Unity/Hub/Editor/2020.2.1f1/PlaybackEngines/WebGLSupport/UnityEditor.WebGL.Extensions.dll
Register platform support module: /Applications/Unity/Hub/Editor/2020.2.1f1/Unity.app/Contents/PlaybackEngines/MacStandaloneSupport/UnityEditor.OSXStandalone.Extensions.dll
Register platform support module: /Applications/Unity/Hub/Editor/2020.2.1f1/PlaybackEngines/WindowsStandaloneSupport/UnityEditor.WindowsStandalone.Extensions.dll
Registered in 0.000801 seconds.
Native extension for WindowsStandalone target not found
Native extension for OSXStandalone target not found
Native extension for WebGL target not found
Refreshing native plugins compatible for Editor in 34.08 ms, found 1 plugins.
Preloading 0 native plugins for Editor in 0.00 ms.
Invoked RoslynAnalysisRunner static constructor.
RoslynAnalysisRunner will not be running.
RoslynAnalysisRunner has terminated.
Mono: successfully reloaded assembly
- Completed reload, in  6.831 seconds
Platform modules already initialized, skipping
Registering precompiled user dll's ...
Registered in 0.000473 seconds.
Begin MonoManager ReloadAssembly
Native extension for WindowsStandalone target not found
Native extension for OSXStandalone target not found
Native extension for WebGL target not found
Refreshing native plugins compatible for Editor in 0.27 ms, found 1 plugins.
Preloading 0 native plugins for Editor in 0.00 ms.
Invoked RoslynAnalysisRunner static constructor.
RoslynAnalysisRunner will not be running.
RoslynAnalysisRunner has terminated.
Mono: successfully reloaded assembly
- Completed reload, in  1.370 seconds
Platform modules already initialized, skipping
========================================================================
Worker process is ready to serve import requests
Launching external process: /Applications/Unity/Hub/Editor/2020.2.1f1/Unity.app/Contents/Tools/UnityShaderCompiler
Launched and connected shader compiler UnityShaderCompiler after 0.03 seconds
Refreshing native plugins compatible for Editor in 0.58 ms, found 1 plugins.
Preloading 0 native plugins for Editor in 0.00 ms.
Unloading 1185 Unused Serialized files (Serialized files now loaded: 0)
System memory in use before: 116.5 MB.
System memory in use after: 116.5 MB.

Unloading 9 unused Assets to reduce memory usage. Loaded Objects now: 1630.
Total: 3.489023 ms (FindLiveObjects: 0.433343 ms CreateObjectMapping: 0.190178 ms MarkObjects: 2.784377 ms  DeleteObjects: 0.079328 ms)

========================================================================
Received Import Request.
  path: Assets/Tutorial.png
  artifactKey: Guid(ed288cf92388a49f692f7b450c7f85fb) Importer(815301076,1909f56bfc062723c751e8b465ee728b)
Start importing Assets/Tutorial.png using Guid(ed288cf92388a49f692f7b450c7f85fb) Importer(815301076,1909f56bfc062723c751e8b465ee728b)  -> (artifact id: 'd7966c2b0b2d453e3ebd9e6337ef7cef') in 0.582570 seconds
  Import took 0.588142 seconds .

========================================================================
Received Import Request.
  Time since last request: 53.141693 seconds.
  path: Assets/Joystick Pack/Sprites/All Axis Backgrounds/AllAxis_Outline.png
  artifactKey: Guid(5b56d9fa0e8bd6e409ed188db38a692c) Importer(815301076,1909f56bfc062723c751e8b465ee728b)
Start importing Assets/Joystick Pack/Sprites/All Axis Backgrounds/AllAxis_Outline.png using Guid(5b56d9fa0e8bd6e409ed188db38a692c) Importer(815301076,1909f56bfc062723c751e8b465ee728b)  -> (artifact id: '9db25d4527212fe7ee415092d9729db1') in 0.076763 seconds
  Import took 0.080253 seconds .

========================================================================
Received Import Request.
  Time since last request: 0.000331 seconds.
  path: Assets/Joystick Pack/Sprites/Handles/Handle_Outline_Arrows.png
  artifactKey: Guid(5eda94a9dcf71e445ad17e3c065d1460) Importer(815301076,1909f56bfc062723c751e8b465ee728b)
Start importing Assets/Joystick Pack/Sprites/Handles/Handle_Outline_Arrows.png using Guid(5eda94a9dcf71e445ad17e3c065d1460) Importer(815301076,1909f56bfc062723c751e8b465ee728b)  -> (artifact id: '85da442d882ae0991dd648325c900ee3') in 0.021334 seconds
  Import took 0.027113 seconds .

========================================================================
Received Import Request.
  Time since last request: 0.000624 seconds.
  path: Assets/Joystick Pack/Sprites/Handles/Handle_Ridged.png
  artifactKey: Guid(3a74f678ee8f3bd49aacf3de1ae4bcaa) Importer(815301076,1909f56bfc062723c751e8b465ee728b)
Start importing Assets/Joystick Pack/Sprites/Handles/Handle_Ridged.png using Guid(3a74f678ee8f3bd49aacf3de1ae4bcaa) Importer(815301076,1909f56bfc062723c751e8b465ee728b)  -> (artifact id: 'c73c997ef24108d01a6c80b6f2da3032') in 0.043771 seconds
  Import took 0.048506 seconds .

========================================================================
Received Import Request.
  Time since last request: 0.000266 seconds.
  path: Assets/Joystick Pack/Sprites/Handles/Handle_Outline.png
  artifactKey: Guid(085185b08a40a924985bc0e4176edea6) Importer(815301076,1909f56bfc062723c751e8b465ee728b)
Start importing Assets/Joystick Pack/Sprites/Handles/Handle_Outline.png using Guid(085185b08a40a924985bc0e4176edea6) Importer(815301076,1909f56bfc062723c751e8b465ee728b)  -> (artifact id: 'c4c322b4fcdd0c40ef885ab37cac28fb') in 0.018750 seconds
  Import took 0.022604 seconds .

========================================================================
Received Import Request.
  Time since last request: 0.000254 seconds.
  path: Assets/Joystick Pack/Sprites/Handles/Handle_Ridged_Arrows.png
  artifactKey: Guid(a6c56474666ce0647bdb766e9b4764b3) Importer(815301076,1909f56bfc062723c751e8b465ee728b)
Start importing Assets/Joystick Pack/Sprites/Handles/Handle_Ridged_Arrows.png using Guid(a6c56474666ce0647bdb766e9b4764b3) Importer(815301076,1909f56bfc062723c751e8b465ee728b)  -> (artifact id: '723c457f844ef2ec1825f118ada07e4a') in 0.035341 seconds
  Import took 0.040395 seconds .

========================================================================
Received Import Request.
  Time since last request: 0.000278 seconds.
  path: Assets/Textures/UI/healthbar.png
  artifactKey: Guid(5260d200f92b334488728b5dbdf68149) Importer(815301076,1909f56bfc062723c751e8b465ee728b)
Start importing Assets/Textures/UI/healthbar.png using Guid(5260d200f92b334488728b5dbdf68149) Importer(815301076,1909f56bfc062723c751e8b465ee728b)  -> (artifact id: '2e32fdf54bf63d25aa24108ec99d683a') in 0.014593 seconds
  Import took 0.018000 seconds .

========================================================================
Received Import Request.
  Time since last request: 0.000294 seconds.
  path: Assets/Joystick Pack/Sprites/All Axis Backgrounds/AllAxis_Plain.png
  artifactKey: Guid(84487d73ca4b791498332d8f6858417f) Importer(815301076,1909f56bfc062723c751e8b465ee728b)
Start importing Assets/Joystick Pack/Sprites/All Axis Backgrounds/AllAxis_Plain.png using Guid(84487d73ca4b791498332d8f6858417f) Importer(815301076,1909f56bfc062723c751e8b465ee728b)  -> (artifact id: '8868aae123e4ceb1804a09a42523b1d5') in 0.017292 seconds
  Import took 0.021702 seconds .

========================================================================
Received Import Request.
  Time since last request: 0.000252 seconds.
  path: Assets/Textures/MiniMap/EnemyMarker.png
  artifactKey: Guid(9d69691d2ae605f44a6a65d456e6bb23) Importer(815301076,1909f56bfc062723c751e8b465ee728b)
Start importing Assets/Textures/MiniMap/EnemyMarker.png using Guid(9d69691d2ae605f44a6a65d456e6bb23) Importer(815301076,1909f56bfc062723c751e8b465ee728b)  -> (artifact id: '5e492c79446182c3f7aee6876f286894') in 0.024600 seconds
  Import took 0.033266 seconds .

========================================================================
Received Import Request.
  Time since last request: 0.001847 seconds.
  path: Assets/Joystick Pack/Sprites/All Axis Backgrounds/AllAxis_Plain_Arrows.png
  artifactKey: Guid(2a1f3cba20f3e11498474a705db12fde) Importer(815301076,1909f56bfc062723c751e8b465ee728b)
Start importing Assets/Joystick Pack/Sprites/All Axis Backgrounds/AllAxis_Plain_Arrows.png using Guid(2a1f3cba20f3e11498474a705db12fde) Importer(815301076,1909f56bfc062723c751e8b465ee728b)  -> (artifact id: 'b981138b4112e55ae631fbc56a88c275') in 0.018855 seconds
  Import took 0.024939 seconds .

========================================================================
Received Import Request.
  Time since last request: 0.000300 seconds.
  path: Assets/Joystick Pack/Sprites/All Axis Backgrounds/AllAxis_Ridged.png
  artifactKey: Guid(54628aafa20f64b40ae661038ee7abf0) Importer(815301076,1909f56bfc062723c751e8b465ee728b)
Start importing Assets/Joystick Pack/Sprites/All Axis Backgrounds/AllAxis_Ridged.png using Guid(54628aafa20f64b40ae661038ee7abf0) Importer(815301076,1909f56bfc062723c751e8b465ee728b)  -> (artifact id: '08491e5329d9c52ea3b66ccc5fc89a72') in 0.016830 seconds
  Import took 0.020060 seconds .

========================================================================
Received Import Request.
  Time since last request: 0.000387 seconds.
  path: Assets/Joystick Pack/Sprites/All Axis Backgrounds/AllAxis_Outline_Arrows.png
  artifactKey: Guid(48c0d4d6bebaa934384b07aa1e2f8184) Importer(815301076,1909f56bfc062723c751e8b465ee728b)
Start importing Assets/Joystick Pack/Sprites/All Axis Backgrounds/AllAxis_Outline_Arrows.png using Guid(48c0d4d6bebaa934384b07aa1e2f8184) Importer(815301076,1909f56bfc062723c751e8b465ee728b)  -> (artifact id: '33e668731b49330c60f57a1397f54a8d') in 0.020746 seconds
  Import took 0.024922 seconds .

========================================================================
Received Import Request.
  Time since last request: 0.000325 seconds.
  path: Assets/Joystick Pack/Sprites/Handles/Handle_Plain_Arrows.png
  artifactKey: Guid(f353d42d1db27ff42b78b28efd86b316) Importer(815301076,1909f56bfc062723c751e8b465ee728b)
Start importing Assets/Joystick Pack/Sprites/Handles/Handle_Plain_Arrows.png using Guid(f353d42d1db27ff42b78b28efd86b316) Importer(815301076,1909f56bfc062723c751e8b465ee728b)  -> (artifact id: '67895d1ba1149773bd1ec0dfadd86177') in 0.037373 seconds
  Import took 0.044849 seconds .

========================================================================
Received Import Request.
  Time since last request: 0.000379 seconds.
  path: Assets/Joystick Pack/Sprites/All Axis Backgrounds/AllAxis_Ridged_Arrows.png
  artifactKey: Guid(4cbc879550e5e374a925e2e0a84d6f3c) Importer(815301076,1909f56bfc062723c751e8b465ee728b)
Start importing Assets/Joystick Pack/Sprites/All Axis Backgrounds/AllAxis_Ridged_Arrows.png using Guid(4cbc879550e5e374a925e2e0a84d6f3c) Importer(815301076,1909f56bfc062723c751e8b465ee728b)  -> (artifact id: 'a76686c4240cfd99c6842381f33fe0a0') in 0.020280 seconds
  Import took 0.026902 seconds .

========================================================================
Received Import Request.
  Time since last request: 0.000337 seconds.
  path: Assets/Textures/MiniMap/BorderTexture.png
  artifactKey: Guid(a06d61c544112994cbf4337942d4c736) Importer(815301076,1909f56bfc062723c751e8b465ee728b)
Start importing Assets/Textures/MiniMap/BorderTexture.png using Guid(a06d61c544112994cbf4337942d4c736) Importer(815301076,1909f56bfc062723c751e8b465ee728b)  -> (artifact id: '0a5e7e60e7725400b14edc041553c8a2') in 0.032261 seconds
  Import took 0.038640 seconds .

========================================================================
Received Import Request.
  Time since last request: 0.000318 seconds.
  path: Assets/Joystick Pack/Sprites/Handles/Handle_Plain.png
  artifactKey: Guid(010a6e5305fa7004f89c5d317b7b47d4) Importer(815301076,1909f56bfc062723c751e8b465ee728b)
Start importing Assets/Joystick Pack/Sprites/Handles/Handle_Plain.png using Guid(010a6e5305fa7004f89c5d317b7b47d4) Importer(815301076,1909f56bfc062723c751e8b465ee728b)  -> (artifact id: '50c72a9cbdc3fba30ca91eddc77cac84') in 0.016800 seconds
  Import took 0.021679 seconds .

========================================================================
Received Import Request.
  Time since last request: 1.089369 seconds.
  path: Assets/Joystick Pack/Sprites/Horizontal Backgrounds/Horizontal_Outline.png
  artifactKey: Guid(cd0a2c1b2c014ba4c80c1df786e150e9) Importer(815301076,1909f56bfc062723c751e8b465ee728b)
Start importing Assets/Joystick Pack/Sprites/Horizontal Backgrounds/Horizontal_Outline.png using Guid(cd0a2c1b2c014ba4c80c1df786e150e9) Importer(815301076,1909f56bfc062723c751e8b465ee728b)  -> (artifact id: '744380a3fc9eee911d8c040c71998489') in 0.018646 seconds
  Import took 0.022876 seconds .

========================================================================
Received Import Request.
  Time since last request: 0.000360 seconds.
  path: Assets/Joystick Pack/Sprites/Horizontal Backgrounds/Horizontal_Plain.png
  artifactKey: Guid(097782735540f2d4db5606eae04ae6a7) Importer(815301076,1909f56bfc062723c751e8b465ee728b)
Start importing Assets/Joystick Pack/Sprites/Horizontal Backgrounds/Horizontal_Plain.png using Guid(097782735540f2d4db5606eae04ae6a7) Importer(815301076,1909f56bfc062723c751e8b465ee728b)  -> (artifact id: '4e1eb4d812a091a482d479dfff410b93') in 0.022343 seconds
  Import took 0.026843 seconds .

========================================================================
Received Import Request.
  Time since last request: 0.000371 seconds.
  path: Assets/Joystick Pack/Sprites/Horizontal Backgrounds/Horizontal_Outline_Arrows.png
  artifactKey: Guid(7927b9032dc11e841af3f9a1353d7ecd) Importer(815301076,1909f56bfc062723c751e8b465ee728b)
Start importing Assets/Joystick Pack/Sprites/Horizontal Backgrounds/Horizontal_Outline_Arrows.png using Guid(7927b9032dc11e841af3f9a1353d7ecd) Importer(815301076,1909f56bfc062723c751e8b465ee728b)  -> (artifact id: '53f10eee0424e51337d5d31764668ae3') in 0.042183 seconds
  Import took 0.048520 seconds .

========================================================================
Received Import Request.
  Time since last request: 0.110532 seconds.
  path: Assets/Joystick Pack/Sprites/Horizontal Backgrounds/Horizontal_Plain_Arrows.png
  artifactKey: Guid(c8585b68a92b5d440992ddd7d1b1a3d6) Importer(815301076,1909f56bfc062723c751e8b465ee728b)
Start importing Assets/Joystick Pack/Sprites/Horizontal Backgrounds/Horizontal_Plain_Arrows.png using Guid(c8585b68a92b5d440992ddd7d1b1a3d6) Importer(815301076,1909f56bfc062723c751e8b465ee728b)  -> (artifact id: '00fee2867b0d404e7ea0672287b2ff44') in 0.016356 seconds
  Import took 0.019866 seconds .

========================================================================
Received Import Request.
  Time since last request: 0.000327 seconds.
  path: Assets/Joystick Pack/Sprites/Horizontal Backgrounds/Horizontal_Ridged_Arrows.png
  artifactKey: Guid(b8467ea5fbaf9ba42908de6411bd443d) Importer(815301076,1909f56bfc062723c751e8b465ee728b)
Start importing Assets/Joystick Pack/Sprites/Horizontal Backgrounds/Horizontal_Ridged_Arrows.png using Guid(b8467ea5fbaf9ba42908de6411bd443d) Importer(815301076,1909f56bfc062723c751e8b465ee728b)  -> (artifact id: 'eefe04b365a9377c50f75f194ed781a6') in 0.018617 seconds
  Import took 0.022547 seconds .

========================================================================
Received Import Request.
  Time since last request: 0.000242 seconds.
  path: Assets/Joystick Pack/Sprites/Horizontal Backgrounds/Horizontal_Ridged.png
  artifactKey: Guid(6304ad603f150b649b764d29bbc2a87b) Importer(815301076,1909f56bfc062723c751e8b465ee728b)
Start importing Assets/Joystick Pack/Sprites/Horizontal Backgrounds/Horizontal_Ridged.png using Guid(6304ad603f150b649b764d29bbc2a87b) Importer(815301076,1909f56bfc062723c751e8b465ee728b)  -> (artifact id: '05a31e6c04516f301378a6ad72687c7a') in 0.041330 seconds
  Import took 0.044572 seconds .

========================================================================
Received Import Request.
  Time since last request: 0.112227 seconds.
  path: Assets/Textures/MiniMap/MiniMaskTexture.png
  artifactKey: Guid(2f8235dc6c0a72b4393e5d26fee63edc) Importer(815301076,1909f56bfc062723c751e8b465ee728b)
Start importing Assets/Textures/MiniMap/MiniMaskTexture.png using Guid(2f8235dc6c0a72b4393e5d26fee63edc) Importer(815301076,1909f56bfc062723c751e8b465ee728b)  -> (artifact id: '7d994523bb682da142b937bf7405cd36') in 0.014303 seconds
  Import took 0.017401 seconds .

========================================================================
Received Import Request.
  Time since last request: 0.000440 seconds.
  path: Assets/Textures/MiniMap/PlayerMarker.png
  artifactKey: Guid(ea47b83edcd6474408e46eb1ca1410b2) Importer(815301076,1909f56bfc062723c751e8b465ee728b)
Start importing Assets/Textures/MiniMap/PlayerMarker.png using Guid(ea47b83edcd6474408e46eb1ca1410b2) Importer(815301076,1909f56bfc062723c751e8b465ee728b)  -> (artifact id: '217d99add72ffb3865a8104a5ddf4509') in 0.018928 seconds
  Import took 0.022529 seconds .

========================================================================
Received Import Request.
  Time since last request: 0.000250 seconds.
  path: Assets/Textures/MiniMap/MiniMaskTexture.png
  artifactKey: Guid(2f8235dc6c0a72b4393e5d26fee63edc) Importer(815301076,1909f56bfc062723c751e8b465ee728b)
Start importing Assets/Textures/MiniMap/MiniMaskTexture.png using Guid(2f8235dc6c0a72b4393e5d26fee63edc) Importer(815301076,1909f56bfc062723c751e8b465ee728b)  -> (artifact id: '7d994523bb682da142b937bf7405cd36') in 0.019695 seconds
  Import took 0.023957 seconds .

========================================================================
Received Import Request.
  Time since last request: 0.000611 seconds.
  path: Assets/Textures/UI/panel.png
  artifactKey: Guid(4738f14fa5aa1584eb59747b9e51da1d) Importer(815301076,1909f56bfc062723c751e8b465ee728b)
Start importing Assets/Textures/UI/panel.png using Guid(4738f14fa5aa1584eb59747b9e51da1d) Importer(815301076,1909f56bfc062723c751e8b465ee728b)  -> (artifact id: '5223d6b524bb9cdb533780eb6e3ce088') in 0.029480 seconds
  Import took 0.035988 seconds .

========================================================================
Received Import Request.
  Time since last request: 0.007631 seconds.
  path: Assets/Textures/UI/panel.png
  artifactKey: Guid(4738f14fa5aa1584eb59747b9e51da1d) Importer(815301076,1909f56bfc062723c751e8b465ee728b)
Start importing Assets/Textures/UI/panel.png using Guid(4738f14fa5aa1584eb59747b9e51da1d) Importer(815301076,1909f56bfc062723c751e8b465ee728b)  -> (artifact id: '5223d6b524bb9cdb533780eb6e3ce088') in 0.013412 seconds
  Import took 0.016747 seconds .

========================================================================
Received Import Request.
  Time since last request: 0.205097 seconds.
  path: Assets/Joystick Pack/Sprites/Vertical Backgrounds/Vertical_Outline.png
  artifactKey: Guid(f054197ef28924b4986cbd91de2ab054) Importer(815301076,1909f56bfc062723c751e8b465ee728b)
Start importing Assets/Joystick Pack/Sprites/Vertical Backgrounds/Vertical_Outline.png using Guid(f054197ef28924b4986cbd91de2ab054) Importer(815301076,1909f56bfc062723c751e8b465ee728b)  -> (artifact id: '3076e33107d8b705a103142551081e95') in 0.015621 seconds
  Import took 0.019853 seconds .

========================================================================
Received Import Request.
  Time since last request: 0.000405 seconds.
  path: Assets/Joystick Pack/Sprites/Vertical Backgrounds/Vertical_Outline_Arrows.png
  artifactKey: Guid(c615706690ca87043ad593475e6db7ec) Importer(815301076,1909f56bfc062723c751e8b465ee728b)
Start importing Assets/Joystick Pack/Sprites/Vertical Backgrounds/Vertical_Outline_Arrows.png using Guid(c615706690ca87043ad593475e6db7ec) Importer(815301076,1909f56bfc062723c751e8b465ee728b)  -> (artifact id: '1e15d5f4b828f90292c24a4ffd81bd07') in 0.019063 seconds
  Import took 0.022418 seconds .

========================================================================
Received Import Request.
  Time since last request: 0.249152 seconds.
  path: Assets/Joystick Pack/Sprites/Vertical Backgrounds/Vertical_Plain.png
  artifactKey: Guid(ab6db91373811284caeba2e9472fa9c2) Importer(815301076,1909f56bfc062723c751e8b465ee728b)
Start importing Assets/Joystick Pack/Sprites/Vertical Backgrounds/Vertical_Plain.png using Guid(ab6db91373811284caeba2e9472fa9c2) Importer(815301076,1909f56bfc062723c751e8b465ee728b)  -> (artifact id: '8f000c929f827095ce1909704ffb6596') in 0.016447 seconds
  Import took 0.020377 seconds .

========================================================================
Received Import Request.
  Time since last request: 0.000321 seconds.
  path: Assets/Joystick Pack/Sprites/Vertical Backgrounds/Vertical_Plain_Arrows.png
  artifactKey: Guid(3bf6d9f920f7458448a390f80318ebe6) Importer(815301076,1909f56bfc062723c751e8b465ee728b)
Start importing Assets/Joystick Pack/Sprites/Vertical Backgrounds/Vertical_Plain_Arrows.png using Guid(3bf6d9f920f7458448a390f80318ebe6) Importer(815301076,1909f56bfc062723c751e8b465ee728b)  -> (artifact id: '22cba640d94bf975414687bfe8aa15e6') in 0.018243 seconds
  Import took 0.022697 seconds .

========================================================================
Received Import Request.
  Time since last request: 0.000334 seconds.
  path: Assets/Joystick Pack/Sprites/Vertical Backgrounds/Vertical_Ridged.png
  artifactKey: Guid(08c1fa6351174a9439d97cfc9d3307cc) Importer(815301076,1909f56bfc062723c751e8b465ee728b)
Start importing Assets/Joystick Pack/Sprites/Vertical Backgrounds/Vertical_Ridged.png using Guid(08c1fa6351174a9439d97cfc9d3307cc) Importer(815301076,1909f56bfc062723c751e8b465ee728b)  -> (artifact id: '716d8ce0e95f2408ea15b60198367fd6') in 0.047035 seconds
  Import took 0.051422 seconds .

========================================================================
Received Import Request.
  Time since last request: 0.093268 seconds.
  path: Assets/Joystick Pack/Sprites/Vertical Backgrounds/Vertical_Ridged_Arrows.png
  artifactKey: Guid(9332cf0d233636a40a024382720294a3) Importer(815301076,1909f56bfc062723c751e8b465ee728b)
Start importing Assets/Joystick Pack/Sprites/Vertical Backgrounds/Vertical_Ridged_Arrows.png using Guid(9332cf0d233636a40a024382720294a3) Importer(815301076,1909f56bfc062723c751e8b465ee728b)  -> (artifact id: 'e38361c4e61f5cdff34192fe87a141a0') in 0.017290 seconds
  Import took 0.021213 seconds .

========================================================================
Received Import Request.
  Time since last request: 535.764331 seconds.
  path: Assets/Materials/start.mat
  artifactKey: Guid(23403b819b2004b02b66e6e71e4d6011) Importer(815301076,1909f56bfc062723c751e8b465ee728b)
Start importing Assets/Materials/start.mat using Guid(23403b819b2004b02b66e6e71e4d6011) Importer(815301076,1909f56bfc062723c751e8b465ee728b)  -> (artifact id: 'e9564e09038a49987de38ed743412857') in 0.468433 seconds
  Import took 0.472468 seconds .

========================================================================
Received Prepare
Registering precompiled user dll's ...
Registered in 0.001671 seconds.
Begin MonoManager ReloadAssembly
Native extension for WindowsStandalone target not found
Native extension for OSXStandalone target not found
Native extension for WebGL target not found
Refreshing native plugins compatible for Editor in 0.28 ms, found 1 plugins.
Preloading 0 native plugins for Editor in 0.00 ms.
Invoked RoslynAnalysisRunner static constructor.
RoslynAnalysisRunner will not be running.
RoslynAnalysisRunner has terminated.
Mono: successfully reloaded assembly
- Completed reload, in  1.128 seconds
Platform modules already initialized, skipping
Refreshing native plugins compatible for Editor in 0.28 ms, found 1 plugins.
Preloading 0 native plugins for Editor in 0.00 ms.
Unloading 1166 Unused Serialized files (Serialized files now loaded: 0)
System memory in use before: 128.6 MB.
System memory in use after: 128.7 MB.

Unloading 4 unused Assets to reduce memory usage. Loaded Objects now: 1678.
Total: 2.596822 ms (FindLiveObjects: 0.221389 ms CreateObjectMapping: 0.066609 ms MarkObjects: 2.274539 ms  DeleteObjects: 0.032504 ms)

========================================================================
Received Import Request.
  Time since last request: 528.870884 seconds.
  path: Assets/Materials/Tutorial.mat
  artifactKey: Guid(6804781333d1b42df961aaf231c02a23) Importer(815301076,1909f56bfc062723c751e8b465ee728b)
Start importing Assets/Materials/Tutorial.mat using Guid(6804781333d1b42df961aaf231c02a23) Importer(815301076,1909f56bfc062723c751e8b465ee728b)  -> (artifact id: 'c43551afd2ba72b9c5d5f7c334e4cca2') in 0.082192 seconds
  Import took 0.085805 seconds .

========================================================================
Received Import Request.
  Time since last request: 29.932749 seconds.
  path: Assets/Materials/Tutorial.png
  artifactKey: Guid(4f7e3d8f2f7ad4ab7a19765b322788f8) Importer(815301076,1909f56bfc062723c751e8b465ee728b)
Start importing Assets/Materials/Tutorial.png using Guid(4f7e3d8f2f7ad4ab7a19765b322788f8) Importer(815301076,1909f56bfc062723c751e8b465ee728b)  -> (artifact id: '1f1da9cf1b71c215129254a005fc4c25') in 0.017813 seconds
  Import took 0.023283 seconds .

========================================================================
Received Import Request.
  Time since last request: 48.743841 seconds.
  path: Assets/Materials/Tutorial.png
  artifactKey: Guid(4f7e3d8f2f7ad4ab7a19765b322788f8) Importer(815301076,1909f56bfc062723c751e8b465ee728b)
Start importing Assets/Materials/Tutorial.png using Guid(4f7e3d8f2f7ad4ab7a19765b322788f8) Importer(815301076,1909f56bfc062723c751e8b465ee728b)  -> (artifact id: '9d07bca44539c853431dc82ead3856ca') in 0.060974 seconds
  Import took 0.064636 seconds .

========================================================================
Received Import Request.
  Time since last request: 97.631801 seconds.
  path: Assets/_Scripts/TutorialManger.cs
  artifactKey: Guid(8cc3c2ef9c4c9438db700f452153eda4) Importer(815301076,1909f56bfc062723c751e8b465ee728b)
Start importing Assets/_Scripts/TutorialManger.cs using Guid(8cc3c2ef9c4c9438db700f452153eda4) Importer(815301076,1909f56bfc062723c751e8b465ee728b)  -> (artifact id: '07109e99bf625e2ca7d9958ed61a9b07') in 0.257409 seconds
  Import took 0.260283 seconds .

========================================================================
Received Prepare
Registering precompiled user dll's ...
Registered in 0.000499 seconds.
Begin MonoManager ReloadAssembly
Native extension for WindowsStandalone target not found
Native extension for OSXStandalone target not found
Native extension for WebGL target not found
Refreshing native plugins compatible for Editor in 0.31 ms, found 1 plugins.
Preloading 0 native plugins for Editor in 0.00 ms.
Invoked RoslynAnalysisRunner static constructor.
RoslynAnalysisRunner will not be running.
RoslynAnalysisRunner has terminated.
Mono: successfully reloaded assembly
- Completed reload, in  1.495 seconds
Platform modules already initialized, skipping
Refreshing native plugins compatible for Editor in 0.30 ms, found 1 plugins.
Preloading 0 native plugins for Editor in 0.00 ms.
Unloading 1167 Unused Serialized files (Serialized files now loaded: 0)
System memory in use before: 131.3 MB.
System memory in use after: 131.3 MB.

Unloading 4 unused Assets to reduce memory usage. Loaded Objects now: 1684.
Total: 1.960589 ms (FindLiveObjects: 0.215905 ms CreateObjectMapping: 0.045607 ms MarkObjects: 1.676473 ms  DeleteObjects: 0.021157 ms)

========================================================================
Received Import Request.
  Time since last request: 29.075732 seconds.
  path: Assets/_Scripts/TutorialPanelScript.cs
  artifactKey: Guid(62df8b285faa5423488b2de315079376) Importer(815301076,1909f56bfc062723c751e8b465ee728b)
Start importing Assets/_Scripts/TutorialPanelScript.cs using Guid(62df8b285faa5423488b2de315079376) Importer(815301076,1909f56bfc062723c751e8b465ee728b)  -> (artifact id: '8d5c5fb46c735b7c3b10015b6ede1905') in 0.007913 seconds
  Import took 0.011328 seconds .

========================================================================
Received Prepare
Registering precompiled user dll's ...
Registered in 0.000488 seconds.
Begin MonoManager ReloadAssembly
Native extension for WindowsStandalone target not found
Native extension for OSXStandalone target not found
Native extension for WebGL target not found
Refreshing native plugins compatible for Editor in 0.26 ms, found 1 plugins.
Preloading 0 native plugins for Editor in 0.00 ms.
Invoked RoslynAnalysisRunner static constructor.
RoslynAnalysisRunner will not be running.
RoslynAnalysisRunner has terminated.
Mono: successfully reloaded assembly
- Completed reload, in  1.172 seconds
Platform modules already initialized, skipping
Refreshing native plugins compatible for Editor in 0.28 ms, found 1 plugins.
Preloading 0 native plugins for Editor in 0.00 ms.
Unloading 1167 Unused Serialized files (Serialized files now loaded: 0)
System memory in use before: 131.2 MB.
System memory in use after: 131.3 MB.

Unloading 4 unused Assets to reduce memory usage. Loaded Objects now: 1686.
Total: 3.584474 ms (FindLiveObjects: 0.293182 ms CreateObjectMapping: 0.084571 ms MarkObjects: 3.170174 ms  DeleteObjects: 0.033518 ms)

========================================================================
Received Import Request.
  Time since last request: 495.055943 seconds.
  path: Assets/_Scripts/TutorialPanelScript.cs
  artifactKey: Guid(62df8b285faa5423488b2de315079376) Importer(815301076,1909f56bfc062723c751e8b465ee728b)
Start importing Assets/_Scripts/TutorialPanelScript.cs using Guid(62df8b285faa5423488b2de315079376) Importer(815301076,1909f56bfc062723c751e8b465ee728b)  -> (artifact id: '9bfd781592af0822ed9fbcf4bdc9fac6') in 0.005139 seconds
  Import took 0.008687 seconds .

========================================================================
Received Prepare
Registering precompiled user dll's ...
Registered in 0.000509 seconds.
Begin MonoManager ReloadAssembly
Native extension for WindowsStandalone target not found
Native extension for OSXStandalone target not found
Native extension for WebGL target not found
Refreshing native plugins compatible for Editor in 0.27 ms, found 1 plugins.
Preloading 0 native plugins for Editor in 0.00 ms.
Invoked RoslynAnalysisRunner static constructor.
RoslynAnalysisRunner will not be running.
RoslynAnalysisRunner has terminated.
Mono: successfully reloaded assembly
- Completed reload, in  1.187 seconds
Platform modules already initialized, skipping
Refreshing native plugins compatible for Editor in 0.26 ms, found 1 plugins.
Preloading 0 native plugins for Editor in 0.00 ms.
Unloading 1167 Unused Serialized files (Serialized files now loaded: 0)
System memory in use before: 131.6 MB.
System memory in use after: 131.7 MB.

Unloading 4 unused Assets to reduce memory usage. Loaded Objects now: 1688.
Total: 3.515796 ms (FindLiveObjects: 0.338369 ms CreateObjectMapping: 0.084600 ms MarkObjects: 3.061341 ms  DeleteObjects: 0.028928 ms)

========================================================================
Received Import Request.
  Time since last request: 185.967099 seconds.
  path: Assets/_Scripts/TutorialPanelScript.cs
  artifactKey: Guid(62df8b285faa5423488b2de315079376) Importer(815301076,1909f56bfc062723c751e8b465ee728b)
Start importing Assets/_Scripts/TutorialPanelScript.cs using Guid(62df8b285faa5423488b2de315079376) Importer(815301076,1909f56bfc062723c751e8b465ee728b)  -> (artifact id: 'f755116fc63bbfd1cc773ca6550d7e7d') in 0.005213 seconds
  Import took 0.008027 seconds .

========================================================================
Received Import Request.
  Time since last request: 0.006229 seconds.
  path: Assets/_Scripts/TutorialPanelScript.cs
  artifactKey: Guid(62df8b285faa5423488b2de315079376) Importer(815301076,1909f56bfc062723c751e8b465ee728b)
Start importing Assets/_Scripts/TutorialPanelScript.cs using Guid(62df8b285faa5423488b2de315079376) Importer(815301076,1909f56bfc062723c751e8b465ee728b)  -> (artifact id: 'f755116fc63bbfd1cc773ca6550d7e7d') in 0.002064 seconds
  Import took 0.006258 seconds .

========================================================================
Received Prepare
Registering precompiled user dll's ...
Registered in 0.000495 seconds.
Begin MonoManager ReloadAssembly
Native extension for WindowsStandalone target not found
Native extension for OSXStandalone target not found
Native extension for WebGL target not found
Refreshing native plugins compatible for Editor in 0.43 ms, found 1 plugins.
Preloading 0 native plugins for Editor in 0.00 ms.
Invoked RoslynAnalysisRunner static constructor.
RoslynAnalysisRunner will not be running.
RoslynAnalysisRunner has terminated.
Mono: successfully reloaded assembly
- Completed reload, in  1.185 seconds
Platform modules already initialized, skipping
Refreshing native plugins compatible for Editor in 0.28 ms, found 1 plugins.
Preloading 0 native plugins for Editor in 0.00 ms.
Unloading 1167 Unused Serialized files (Serialized files now loaded: 0)
System memory in use before: 131.8 MB.
System memory in use after: 131.9 MB.

Unloading 4 unused Assets to reduce memory usage. Loaded Objects now: 1690.
Total: 3.442843 ms (FindLiveObjects: 0.451603 ms CreateObjectMapping: 0.100812 ms MarkObjects: 2.856528 ms  DeleteObjects: 0.028823 ms)

========================================================================
Received Import Request.
  Time since last request: 198.786026 seconds.
  path: Assets/_Scripts/TutorialPanelScript.cs
  artifactKey: Guid(62df8b285faa5423488b2de315079376) Importer(815301076,1909f56bfc062723c751e8b465ee728b)
Start importing Assets/_Scripts/TutorialPanelScript.cs using Guid(62df8b285faa5423488b2de315079376) Importer(815301076,1909f56bfc062723c751e8b465ee728b)  -> (artifact id: '82e7e32013dd6ae332dd0876a81146f4') in 0.004626 seconds
  Import took 0.007615 seconds .

========================================================================
Received Import Request.
  Time since last request: 0.007121 seconds.
  path: Assets/_Scripts/TutorialPanelScript.cs
  artifactKey: Guid(62df8b285faa5423488b2de315079376) Importer(815301076,1909f56bfc062723c751e8b465ee728b)
Start importing Assets/_Scripts/TutorialPanelScript.cs using Guid(62df8b285faa5423488b2de315079376) Importer(815301076,1909f56bfc062723c751e8b465ee728b)  -> (artifact id: '82e7e32013dd6ae332dd0876a81146f4') in 0.002042 seconds
  Import took 0.006562 seconds .

========================================================================
Received Prepare
Registering precompiled user dll's ...
Registered in 0.000503 seconds.
Begin MonoManager ReloadAssembly
Native extension for WindowsStandalone target not found
Native extension for OSXStandalone target not found
Native extension for WebGL target not found
Refreshing native plugins compatible for Editor in 0.37 ms, found 1 plugins.
Preloading 0 native plugins for Editor in 0.00 ms.
Invoked RoslynAnalysisRunner static constructor.
RoslynAnalysisRunner will not be running.
RoslynAnalysisRunner has terminated.
Mono: successfully reloaded assembly
- Completed reload, in  1.413 seconds
Platform modules already initialized, skipping
Refreshing native plugins compatible for Editor in 0.27 ms, found 1 plugins.
Preloading 0 native plugins for Editor in 0.00 ms.
Unloading 1167 Unused Serialized files (Serialized files now loaded: 0)
System memory in use before: 131.9 MB.
System memory in use after: 132.0 MB.

Unloading 4 unused Assets to reduce memory usage. Loaded Objects now: 1692.
Total: 2.562760 ms (FindLiveObjects: 0.270322 ms CreateObjectMapping: 0.093084 ms MarkObjects: 2.164324 ms  DeleteObjects: 0.031799 ms)

========================================================================
Received Prepare
Registering precompiled user dll's ...
Registered in 0.000553 seconds.
Begin MonoManager ReloadAssembly
Native extension for WindowsStandalone target not found
Native extension for OSXStandalone target not found
Native extension for WebGL target not found
Refreshing native plugins compatible for Editor in 0.30 ms, found 1 plugins.
Preloading 0 native plugins for Editor in 0.00 ms.
Invoked RoslynAnalysisRunner static constructor.
RoslynAnalysisRunner will not be running.
RoslynAnalysisRunner has terminated.
Mono: successfully reloaded assembly
- Completed reload, in  1.111 seconds
Platform modules already initialized, skipping
Refreshing native plugins compatible for Editor in 0.26 ms, found 1 plugins.
Preloading 0 native plugins for Editor in 0.00 ms.
Unloading 1167 Unused Serialized files (Serialized files now loaded: 0)
System memory in use before: 132.1 MB.
System memory in use after: 132.2 MB.

Unloading 4 unused Assets to reduce memory usage. Loaded Objects now: 1694.
Total: 2.226593 ms (FindLiveObjects: 0.323319 ms CreateObjectMapping: 0.072733 ms MarkObjects: 1.811198 ms  DeleteObjects: 0.017495 ms)

========================================================================
Received Prepare
Registering precompiled user dll's ...
Registered in 0.000480 seconds.
Begin MonoManager ReloadAssembly
Native extension for WindowsStandalone target not found
Native extension for OSXStandalone target not found
Native extension for WebGL target not found
Refreshing native plugins compatible for Editor in 0.26 ms, found 1 plugins.
Preloading 0 native plugins for Editor in 0.00 ms.
Invoked RoslynAnalysisRunner static constructor.
RoslynAnalysisRunner will not be running.
RoslynAnalysisRunner has terminated.
Mono: successfully reloaded assembly
- Completed reload, in  1.198 seconds
Platform modules already initialized, skipping
Refreshing native plugins compatible for Editor in 0.26 ms, found 1 plugins.
Preloading 0 native plugins for Editor in 0.00 ms.
Unloading 1167 Unused Serialized files (Serialized files now loaded: 0)
System memory in use before: 132.3 MB.
System memory in use after: 132.4 MB.

Unloading 4 unused Assets to reduce memory usage. Loaded Objects now: 1696.
Total: 2.855449 ms (FindLiveObjects: 0.297238 ms CreateObjectMapping: 0.070978 ms MarkObjects: 2.462464 ms  DeleteObjects: 0.022467 ms)

========================================================================
Received Prepare
Registering precompiled user dll's ...
Registered in 0.000499 seconds.
Begin MonoManager ReloadAssembly
Native extension for WindowsStandalone target not found
Native extension for OSXStandalone target not found
Native extension for WebGL target not found
Refreshing native plugins compatible for Editor in 0.26 ms, found 1 plugins.
Preloading 0 native plugins for Editor in 0.00 ms.
Invoked RoslynAnalysisRunner static constructor.
RoslynAnalysisRunner will not be running.
RoslynAnalysisRunner has terminated.
Mono: successfully reloaded assembly
- Completed reload, in  1.204 seconds
Platform modules already initialized, skipping
Refreshing native plugins compatible for Editor in 0.30 ms, found 1 plugins.
Preloading 0 native plugins for Editor in 0.00 ms.
Unloading 1167 Unused Serialized files (Serialized files now loaded: 0)
System memory in use before: 132.5 MB.
System memory in use after: 132.5 MB.

Unloading 4 unused Assets to reduce memory usage. Loaded Objects now: 1698.
Total: 3.394636 ms (FindLiveObjects: 0.356956 ms CreateObjectMapping: 0.087875 ms MarkObjects: 2.917393 ms  DeleteObjects: 0.029860 ms)

========================================================================
Received Prepare
Registering precompiled user dll's ...
Registered in 0.000572 seconds.
Begin MonoManager ReloadAssembly
Native extension for WindowsStandalone target not found
Native extension for OSXStandalone target not found
Native extension for WebGL target not found
Refreshing native plugins compatible for Editor in 0.26 ms, found 1 plugins.
Preloading 0 native plugins for Editor in 0.00 ms.
Invoked RoslynAnalysisRunner static constructor.
RoslynAnalysisRunner will not be running.
RoslynAnalysisRunner has terminated.
Mono: successfully reloaded assembly
- Completed reload, in  1.270 seconds
Platform modules already initialized, skipping
Refreshing native plugins compatible for Editor in 0.26 ms, found 1 plugins.
Preloading 0 native plugins for Editor in 0.00 ms.
Unloading 1167 Unused Serialized files (Serialized files now loaded: 0)
System memory in use before: 132.4 MB.
System memory in use after: 132.5 MB.

Unloading 4 unused Assets to reduce memory usage. Loaded Objects now: 1700.
Total: 2.803583 ms (FindLiveObjects: 0.407535 ms CreateObjectMapping: 0.099667 ms MarkObjects: 2.273149 ms  DeleteObjects: 0.020837 ms)

========================================================================
Received Prepare
Registering precompiled user dll's ...
Registered in 0.000492 seconds.
Begin MonoManager ReloadAssembly
Native extension for WindowsStandalone target not found
Native extension for OSXStandalone target not found
Native extension for WebGL target not found
Refreshing native plugins compatible for Editor in 0.28 ms, found 1 plugins.
Preloading 0 native plugins for Editor in 0.00 ms.
Invoked RoslynAnalysisRunner static constructor.
RoslynAnalysisRunner will not be running.
RoslynAnalysisRunner has terminated.
Mono: successfully reloaded assembly
- Completed reload, in  1.251 seconds
Platform modules already initialized, skipping
Refreshing native plugins compatible for Editor in 0.30 ms, found 1 plugins.
Preloading 0 native plugins for Editor in 0.00 ms.
Unloading 1167 Unused Serialized files (Serialized files now loaded: 0)
System memory in use before: 132.8 MB.
System memory in use after: 132.9 MB.

Unloading 4 unused Assets to reduce memory usage. Loaded Objects now: 1702.
Total: 2.058835 ms (FindLiveObjects: 0.318249 ms CreateObjectMapping: 0.061300 ms MarkObjects: 1.660421 ms  DeleteObjects: 0.017477 ms)

========================================================================
Received Prepare
Registering precompiled user dll's ...
Registered in 0.000767 seconds.
Begin MonoManager ReloadAssembly
Native extension for WindowsStandalone target not found
Native extension for OSXStandalone target not found
Native extension for WebGL target not found
Refreshing native plugins compatible for Editor in 0.33 ms, found 1 plugins.
Preloading 0 native plugins for Editor in 0.00 ms.
Invoked RoslynAnalysisRunner static constructor.
RoslynAnalysisRunner will not be running.
RoslynAnalysisRunner has terminated.
Mono: successfully reloaded assembly
- Completed reload, in  1.110 seconds
Platform modules already initialized, skipping
Refreshing native plugins compatible for Editor in 0.26 ms, found 1 plugins.
Preloading 0 native plugins for Editor in 0.00 ms.
Unloading 1167 Unused Serialized files (Serialized files now loaded: 0)
System memory in use before: 133.0 MB.
System memory in use after: 133.1 MB.

Unloading 4 unused Assets to reduce memory usage. Loaded Objects now: 1704.
Total: 3.343600 ms (FindLiveObjects: 0.461628 ms CreateObjectMapping: 0.170040 ms MarkObjects: 2.686144 ms  DeleteObjects: 0.023190 ms)

========================================================================
Received Prepare
Registering precompiled user dll's ...
Registered in 0.000492 seconds.
Begin MonoManager ReloadAssembly
Native extension for WindowsStandalone target not found
Native extension for OSXStandalone target not found
Native extension for WebGL target not found
Refreshing native plugins compatible for Editor in 0.27 ms, found 1 plugins.
Preloading 0 native plugins for Editor in 0.00 ms.
Invoked RoslynAnalysisRunner static constructor.
RoslynAnalysisRunner will not be running.
RoslynAnalysisRunner has terminated.
Mono: successfully reloaded assembly
- Completed reload, in  1.163 seconds
Platform modules already initialized, skipping
Refreshing native plugins compatible for Editor in 0.26 ms, found 1 plugins.
Preloading 0 native plugins for Editor in 0.00 ms.
Unloading 1167 Unused Serialized files (Serialized files now loaded: 0)
System memory in use before: 133.0 MB.
System memory in use after: 133.1 MB.

Unloading 4 unused Assets to reduce memory usage. Loaded Objects now: 1706.
Total: 3.327991 ms (FindLiveObjects: 0.423208 ms CreateObjectMapping: 0.094843 ms MarkObjects: 2.788031 ms  DeleteObjects: 0.019740 ms)

========================================================================
Received Prepare
Registering precompiled user dll's ...
Registered in 0.002210 seconds.
Begin MonoManager ReloadAssembly
Native extension for WindowsStandalone target not found
Native extension for OSXStandalone target not found
Native extension for WebGL target not found
Refreshing native plugins compatible for Editor in 0.27 ms, found 1 plugins.
Preloading 0 native plugins for Editor in 0.00 ms.
Invoked RoslynAnalysisRunner static constructor.
RoslynAnalysisRunner will not be running.
RoslynAnalysisRunner has terminated.
Mono: successfully reloaded assembly
- Completed reload, in  1.376 seconds
Platform modules already initialized, skipping
Refreshing native plugins compatible for Editor in 0.49 ms, found 1 plugins.
Preloading 0 native plugins for Editor in 0.00 ms.
Unloading 1167 Unused Serialized files (Serialized files now loaded: 0)
System memory in use before: 133.3 MB.
System memory in use after: 133.4 MB.

Unloading 4 unused Assets to reduce memory usage. Loaded Objects now: 1708.
Total: 3.557533 ms (FindLiveObjects: 0.391551 ms CreateObjectMapping: 0.161413 ms MarkObjects: 2.970568 ms  DeleteObjects: 0.031221 ms)

========================================================================
Received Import Request.
  Time since last request: 3862.403554 seconds.
  path: Assets/goldCoin/goldCoin1.png
  artifactKey: Guid(2a0e549c600174490a4746426c0c96d7) Importer(815301076,1909f56bfc062723c751e8b465ee728b)
Start importing Assets/goldCoin/goldCoin1.png using Guid(2a0e549c600174490a4746426c0c96d7) Importer(815301076,1909f56bfc062723c751e8b465ee728b)  -> (artifact id: '469a29b499a9c6a20f03fe29d2fa3743') in 0.101950 seconds
  Import took 0.106697 seconds .

========================================================================
Received Import Request.
  Time since last request: 8.074375 seconds.
  path: Assets/goldCoin/goldCoin2.png
  artifactKey: Guid(4b74848a04a1b40908398ac14d828be1) Importer(815301076,1909f56bfc062723c751e8b465ee728b)
Start importing Assets/goldCoin/goldCoin2.png using Guid(4b74848a04a1b40908398ac14d828be1) Importer(815301076,1909f56bfc062723c751e8b465ee728b)  -> (artifact id: '1ef990d362ecd440d189761ff91e236f') in 0.014819 seconds
  Import took 0.021551 seconds .

========================================================================
Received Import Request.
  Time since last request: 35.033529 seconds.
  path: Assets/goldCoin/goldCoin1.png
  artifactKey: Guid(2a0e549c600174490a4746426c0c96d7) Importer(815301076,1909f56bfc062723c751e8b465ee728b)
Start importing Assets/goldCoin/goldCoin1.png using Guid(2a0e549c600174490a4746426c0c96d7) Importer(815301076,1909f56bfc062723c751e8b465ee728b)  -> (artifact id: 'b51c988b1895e202a3c4978f178f8670') in 0.015374 seconds
  Import took 0.019688 seconds .

========================================================================
Received Import Request.
  Time since last request: 0.001202 seconds.
  path: Assets/goldCoin/goldCoin5.png
  artifactKey: Guid(5c5aae82a72f94678ad5757e98228b8d) Importer(815301076,1909f56bfc062723c751e8b465ee728b)
Start importing Assets/goldCoin/goldCoin5.png using Guid(5c5aae82a72f94678ad5757e98228b8d) Importer(815301076,1909f56bfc062723c751e8b465ee728b)  -> (artifact id: '8cb5132af85ec01bbe1c11a397d7ae01') in 0.011728 seconds
  Import took 0.017682 seconds .

========================================================================
Received Import Request.
  Time since last request: 0.000249 seconds.
  path: Assets/goldCoin/goldCoin9.png
  artifactKey: Guid(d55f188df862347bb93a6ace794fe4a4) Importer(815301076,1909f56bfc062723c751e8b465ee728b)
Start importing Assets/goldCoin/goldCoin9.png using Guid(d55f188df862347bb93a6ace794fe4a4) Importer(815301076,1909f56bfc062723c751e8b465ee728b)  -> (artifact id: 'a6399085de4f1a47626ebe69bbe6d9e3') in 0.012132 seconds
  Import took 0.015600 seconds .

========================================================================
Received Import Request.
  Time since last request: 0.000254 seconds.
  path: Assets/goldCoin/goldCoin2.png
  artifactKey: Guid(4b74848a04a1b40908398ac14d828be1) Importer(815301076,1909f56bfc062723c751e8b465ee728b)
Start importing Assets/goldCoin/goldCoin2.png using Guid(4b74848a04a1b40908398ac14d828be1) Importer(815301076,1909f56bfc062723c751e8b465ee728b)  -> (artifact id: '4ad5675b47c1921298149df33e7fdbff') in 0.029451 seconds
  Import took 0.034778 seconds .

========================================================================
Received Import Request.
  Time since last request: 0.000330 seconds.
  path: Assets/goldCoin/goldCoin6.png
  artifactKey: Guid(c62cbc06f17fa4652ab938cd64e0aaf9) Importer(815301076,1909f56bfc062723c751e8b465ee728b)
Start importing Assets/goldCoin/goldCoin6.png using Guid(c62cbc06f17fa4652ab938cd64e0aaf9) Importer(815301076,1909f56bfc062723c751e8b465ee728b)  -> (artifact id: 'e99c0c94204f10949c55e646e85f9dfb') in 0.012931 seconds
  Import took 0.018642 seconds .

========================================================================
Received Import Request.
  Time since last request: 0.000823 seconds.
  path: Assets/goldCoin/goldCoin4.png
  artifactKey: Guid(ebfd43aae167a41cea8f76b3370a997d) Importer(815301076,1909f56bfc062723c751e8b465ee728b)
Start importing Assets/goldCoin/goldCoin4.png using Guid(ebfd43aae167a41cea8f76b3370a997d) Importer(815301076,1909f56bfc062723c751e8b465ee728b)  -> (artifact id: 'dc566ff9b6d26688cb18050a9e82668d') in 0.023689 seconds
  Import took 0.027549 seconds .

========================================================================
Received Import Request.
  Time since last request: 0.000540 seconds.
  path: Assets/goldCoin/goldCoin3.png
  artifactKey: Guid(49b16124804ee4c038fe5bf71d3570a2) Importer(815301076,1909f56bfc062723c751e8b465ee728b)
Start importing Assets/goldCoin/goldCoin3.png using Guid(49b16124804ee4c038fe5bf71d3570a2) Importer(815301076,1909f56bfc062723c751e8b465ee728b)  -> (artifact id: '7f5b16ba957d589308aebbd3d996f1df') in 0.020872 seconds
  Import took 0.027085 seconds .

========================================================================
Received Import Request.
  Time since last request: 0.021535 seconds.
  path: Assets/goldCoin/goldCoin7.png
  artifactKey: Guid(480e76ddcd6794a0cb1404609a0ce699) Importer(815301076,1909f56bfc062723c751e8b465ee728b)
Start importing Assets/goldCoin/goldCoin7.png using Guid(480e76ddcd6794a0cb1404609a0ce699) Importer(815301076,1909f56bfc062723c751e8b465ee728b)  -> (artifact id: '2586c01ddd5ddc598f7f18145b2d075f') in 0.012409 seconds
  Import took 0.019396 seconds .

========================================================================
Received Import Request.
  Time since last request: 0.005226 seconds.
  path: Assets/goldCoin/goldCoin8.png
  artifactKey: Guid(bdc2decc815e24a5f9d101670d4d0860) Importer(815301076,1909f56bfc062723c751e8b465ee728b)
Start importing Assets/goldCoin/goldCoin8.png using Guid(bdc2decc815e24a5f9d101670d4d0860) Importer(815301076,1909f56bfc062723c751e8b465ee728b)  -> (artifact id: '2e4b1429a834e0b12fcddc6bf2580453') in 0.017062 seconds
  Import took 0.021540 seconds .

========================================================================
Received Prepare
Registering precompiled user dll's ...
Registered in 0.000542 seconds.
Begin MonoManager ReloadAssembly
Native extension for WindowsStandalone target not found
Native extension for OSXStandalone target not found
Native extension for WebGL target not found
Refreshing native plugins compatible for Editor in 0.26 ms, found 1 plugins.
Preloading 0 native plugins for Editor in 0.00 ms.
Invoked RoslynAnalysisRunner static constructor.
RoslynAnalysisRunner will not be running.
RoslynAnalysisRunner has terminated.
Mono: successfully reloaded assembly
- Completed reload, in  1.252 seconds
Platform modules already initialized, skipping
Refreshing native plugins compatible for Editor in 0.46 ms, found 1 plugins.
Preloading 0 native plugins for Editor in 0.00 ms.
Unloading 1167 Unused Serialized files (Serialized files now loaded: 0)
System memory in use before: 133.6 MB.
System memory in use after: 133.7 MB.

Unloading 4 unused Assets to reduce memory usage. Loaded Objects now: 1713.
Total: 2.708282 ms (FindLiveObjects: 0.310694 ms CreateObjectMapping: 0.068293 ms MarkObjects: 2.306047 ms  DeleteObjects: 0.021371 ms)

========================================================================
Received Prepare
Registering precompiled user dll's ...
Registered in 0.000707 seconds.
Begin MonoManager ReloadAssembly
Native extension for WindowsStandalone target not found
Native extension for OSXStandalone target not found
Native extension for WebGL target not found
Refreshing native plugins compatible for Editor in 0.27 ms, found 1 plugins.
Preloading 0 native plugins for Editor in 0.00 ms.
Invoked RoslynAnalysisRunner static constructor.
RoslynAnalysisRunner will not be running.
RoslynAnalysisRunner has terminated.
Mono: successfully reloaded assembly
- Completed reload, in  1.236 seconds
Platform modules already initialized, skipping
Refreshing native plugins compatible for Editor in 0.27 ms, found 1 plugins.
Preloading 0 native plugins for Editor in 0.00 ms.
Unloading 1167 Unused Serialized files (Serialized files now loaded: 0)
System memory in use before: 133.8 MB.
System memory in use after: 133.9 MB.

Unloading 4 unused Assets to reduce memory usage. Loaded Objects now: 1715.
Total: 2.534841 ms (FindLiveObjects: 0.264290 ms CreateObjectMapping: 0.068560 ms MarkObjects: 2.176771 ms  DeleteObjects: 0.021722 ms)

========================================================================
Received Prepare
Registering precompiled user dll's ...
Registered in 0.001248 seconds.
Begin MonoManager ReloadAssembly
Native extension for WindowsStandalone target not found
Native extension for OSXStandalone target not found
Native extension for WebGL target not found
Refreshing native plugins compatible for Editor in 0.27 ms, found 1 plugins.
Preloading 0 native plugins for Editor in 0.00 ms.
Invoked RoslynAnalysisRunner static constructor.
RoslynAnalysisRunner will not be running.
RoslynAnalysisRunner has terminated.
Mono: successfully reloaded assembly
- Completed reload, in  1.178 seconds
Platform modules already initialized, skipping
Refreshing native plugins compatible for Editor in 0.26 ms, found 1 plugins.
Preloading 0 native plugins for Editor in 0.00 ms.
Unloading 1167 Unused Serialized files (Serialized files now loaded: 0)
System memory in use before: 134.0 MB.
System memory in use after: 134.0 MB.

Unloading 4 unused Assets to reduce memory usage. Loaded Objects now: 1717.
Total: 2.416951 ms (FindLiveObjects: 0.281971 ms CreateObjectMapping: 0.126522 ms MarkObjects: 1.916463 ms  DeleteObjects: 0.089349 ms)

========================================================================
Received Import Request.
  Time since last request: 837.829231 seconds.
  path: Assets/Resources/Prefabs/TileNoEnemy.prefab
  artifactKey: Guid(f73601e4f39a145058241358b21d2b92) Importer(815301076,1909f56bfc062723c751e8b465ee728b)
Start importing Assets/Resources/Prefabs/TileNoEnemy.prefab using Guid(f73601e4f39a145058241358b21d2b92) Importer(815301076,1909f56bfc062723c751e8b465ee728b)  -> (artifact id: '74fc5c4f68a6ab6a6e55bb5972f95b39') in 0.366889 seconds
  Import took 0.371278 seconds .

========================================================================
Received Import Request.
  Time since last request: 32.216686 seconds.
  path: Assets/Resources/Prefabs/TileNoEnemy.prefab
  artifactKey: Guid(f73601e4f39a145058241358b21d2b92) Importer(815301076,1909f56bfc062723c751e8b465ee728b)
Start importing Assets/Resources/Prefabs/TileNoEnemy.prefab using Guid(f73601e4f39a145058241358b21d2b92) Importer(815301076,1909f56bfc062723c751e8b465ee728b)  -> (artifact id: '27989e5e0ec5c9f3ddf44490acb9dac9') in 0.027538 seconds
  Import took 0.033515 seconds .

========================================================================
Received Prepare
Registering precompiled user dll's ...
Registered in 0.000853 seconds.
Begin MonoManager ReloadAssembly
Native extension for WindowsStandalone target not found
Native extension for OSXStandalone target not found
Native extension for WebGL target not found
Refreshing native plugins compatible for Editor in 0.28 ms, found 1 plugins.
Preloading 0 native plugins for Editor in 0.00 ms.
Invoked RoslynAnalysisRunner static constructor.
RoslynAnalysisRunner will not be running.
RoslynAnalysisRunner has terminated.
Mono: successfully reloaded assembly
- Completed reload, in  1.226 seconds
Platform modules already initialized, skipping
Refreshing native plugins compatible for Editor in 0.28 ms, found 1 plugins.
Preloading 0 native plugins for Editor in 0.00 ms.
Unloading 1167 Unused Serialized files (Serialized files now loaded: 0)
System memory in use before: 138.6 MB.
System memory in use after: 138.7 MB.

Unloading 4 unused Assets to reduce memory usage. Loaded Objects now: 1720.
Total: 2.031974 ms (FindLiveObjects: 0.180799 ms CreateObjectMapping: 0.044041 ms MarkObjects: 1.785565 ms  DeleteObjects: 0.019860 ms)

========================================================================
Received Prepare
Registering precompiled user dll's ...
Registered in 0.000769 seconds.
Begin MonoManager ReloadAssembly
Native extension for WindowsStandalone target not found
Native extension for OSXStandalone target not found
Native extension for WebGL target not found
Refreshing native plugins compatible for Editor in 0.26 ms, found 1 plugins.
Preloading 0 native plugins for Editor in 0.00 ms.
Invoked RoslynAnalysisRunner static constructor.
RoslynAnalysisRunner will not be running.
RoslynAnalysisRunner has terminated.
Mono: successfully reloaded assembly
- Completed reload, in  1.218 seconds
Platform modules already initialized, skipping
Refreshing native plugins compatible for Editor in 0.30 ms, found 1 plugins.
Preloading 0 native plugins for Editor in 0.00 ms.
Unloading 1167 Unused Serialized files (Serialized files now loaded: 0)
System memory in use before: 138.8 MB.
System memory in use after: 138.9 MB.

Unloading 4 unused Assets to reduce memory usage. Loaded Objects now: 1722.
Total: 2.299719 ms (FindLiveObjects: 0.249877 ms CreateObjectMapping: 0.088695 ms MarkObjects: 1.938152 ms  DeleteObjects: 0.021141 ms)

========================================================================
Received Prepare
Registering precompiled user dll's ...
Registered in 0.000532 seconds.
Begin MonoManager ReloadAssembly
Native extension for WindowsStandalone target not found
Native extension for OSXStandalone target not found
Native extension for WebGL target not found
Refreshing native plugins compatible for Editor in 0.28 ms, found 1 plugins.
Preloading 0 native plugins for Editor in 0.00 ms.
Invoked RoslynAnalysisRunner static constructor.
RoslynAnalysisRunner will not be running.
RoslynAnalysisRunner has terminated.
Mono: successfully reloaded assembly
- Completed reload, in  1.276 seconds
Platform modules already initialized, skipping
Refreshing native plugins compatible for Editor in 0.28 ms, found 1 plugins.
Preloading 0 native plugins for Editor in 0.00 ms.
Unloading 1167 Unused Serialized files (Serialized files now loaded: 0)
System memory in use before: 138.7 MB.
System memory in use after: 138.8 MB.

Unloading 4 unused Assets to reduce memory usage. Loaded Objects now: 1724.
Total: 2.775330 ms (FindLiveObjects: 0.297557 ms CreateObjectMapping: 0.072012 ms MarkObjects: 2.379423 ms  DeleteObjects: 0.023431 ms)

========================================================================
Received Import Request.
  Time since last request: 383.467731 seconds.
  path: Assets/_Scripts/TutorialPanelScript.cs
  artifactKey: Guid(62df8b285faa5423488b2de315079376) Importer(815301076,1909f56bfc062723c751e8b465ee728b)
Start importing Assets/_Scripts/TutorialPanelScript.cs using Guid(62df8b285faa5423488b2de315079376) Importer(815301076,1909f56bfc062723c751e8b465ee728b)  -> (artifact id: '470922338e7be5ca4480ecc477a8fe56') in 0.006149 seconds
  Import took 0.008939 seconds .

========================================================================
Received Import Request.
  Time since last request: 0.001571 seconds.
  path: Assets/_Scripts/TutorialPanelScript.cs
  artifactKey: Guid(62df8b285faa5423488b2de315079376) Importer(815301076,1909f56bfc062723c751e8b465ee728b)
Start importing Assets/_Scripts/TutorialPanelScript.cs using Guid(62df8b285faa5423488b2de315079376) Importer(815301076,1909f56bfc062723c751e8b465ee728b)  -> (artifact id: '470922338e7be5ca4480ecc477a8fe56') in 0.001917 seconds
  Import took 0.005159 seconds .

========================================================================
Received Import Request.
  Time since last request: 9.509885 seconds.
  path: Assets/_Scripts/CoinPicker.cs
  artifactKey: Guid(540f28b16eee347baa2467cec361d10c) Importer(815301076,1909f56bfc062723c751e8b465ee728b)
Start importing Assets/_Scripts/CoinPicker.cs using Guid(540f28b16eee347baa2467cec361d10c) Importer(815301076,1909f56bfc062723c751e8b465ee728b)  -> (artifact id: '63a940839051ba1ba14969ccd1575de9') in 0.004069 seconds
  Import took 0.007561 seconds .

========================================================================
Received Import Request.
  Time since last request: 0.000676 seconds.
  path: Assets/_Scripts/CoinPicker.cs
  artifactKey: Guid(540f28b16eee347baa2467cec361d10c) Importer(815301076,1909f56bfc062723c751e8b465ee728b)
Start importing Assets/_Scripts/CoinPicker.cs using Guid(540f28b16eee347baa2467cec361d10c) Importer(815301076,1909f56bfc062723c751e8b465ee728b)  -> (artifact id: '63a940839051ba1ba14969ccd1575de9') in 0.002146 seconds
  Import took 0.008094 seconds .

========================================================================
Received Prepare
Registering precompiled user dll's ...
Registered in 0.000492 seconds.
Begin MonoManager ReloadAssembly
Native extension for WindowsStandalone target not found
Native extension for OSXStandalone target not found
Native extension for WebGL target not found
Refreshing native plugins compatible for Editor in 0.30 ms, found 1 plugins.
Preloading 0 native plugins for Editor in 0.00 ms.
Invoked RoslynAnalysisRunner static constructor.
RoslynAnalysisRunner will not be running.
RoslynAnalysisRunner has terminated.
Mono: successfully reloaded assembly
- Completed reload, in  1.377 seconds
Platform modules already initialized, skipping
Refreshing native plugins compatible for Editor in 0.30 ms, found 1 plugins.
Preloading 0 native plugins for Editor in 0.00 ms.
Unloading 1168 Unused Serialized files (Serialized files now loaded: 0)
System memory in use before: 139.2 MB.
System memory in use after: 139.2 MB.

Unloading 4 unused Assets to reduce memory usage. Loaded Objects now: 1727.
Total: 2.878418 ms (FindLiveObjects: 0.424007 ms CreateObjectMapping: 0.084185 ms MarkObjects: 2.346658 ms  DeleteObjects: 0.021163 ms)

========================================================================
Received Prepare
Registering precompiled user dll's ...
Registered in 0.000759 seconds.
Begin MonoManager ReloadAssembly
Native extension for WindowsStandalone target not found
Native extension for OSXStandalone target not found
Native extension for WebGL target not found
Refreshing native plugins compatible for Editor in 0.40 ms, found 1 plugins.
Preloading 0 native plugins for Editor in 0.00 ms.
Invoked RoslynAnalysisRunner static constructor.
RoslynAnalysisRunner will not be running.
RoslynAnalysisRunner has terminated.
Mono: successfully reloaded assembly
- Completed reload, in  1.512 seconds
Platform modules already initialized, skipping
Refreshing native plugins compatible for Editor in 0.60 ms, found 1 plugins.
Preloading 0 native plugins for Editor in 0.00 ms.
Unloading 1168 Unused Serialized files (Serialized files now loaded: 0)
System memory in use before: 139.3 MB.
System memory in use after: 139.4 MB.

Unloading 4 unused Assets to reduce memory usage. Loaded Objects now: 1729.
Total: 3.224322 ms (FindLiveObjects: 0.492910 ms CreateObjectMapping: 0.105903 ms MarkObjects: 2.594415 ms  DeleteObjects: 0.028865 ms)

========================================================================
Received Import Request.
  Time since last request: 104.242971 seconds.
  path: ProjectSettings/TagManager.asset
  artifactKey: Guid(00000000000000003000000000000000) Importer(815301076,1909f56bfc062723c751e8b465ee728b)
Start importing ProjectSettings/TagManager.asset using Guid(00000000000000003000000000000000) Importer(815301076,1909f56bfc062723c751e8b465ee728b)  -> (artifact id: 'b2369660abc6360819339a478797cae3') in 0.314542 seconds
  Import took 0.318033 seconds .

========================================================================
Received Import Request.
  Time since last request: 248.637606 seconds.
  path: Assets/_Scripts/CoinPicker.cs
  artifactKey: Guid(540f28b16eee347baa2467cec361d10c) Importer(815301076,1909f56bfc062723c751e8b465ee728b)
Start importing Assets/_Scripts/CoinPicker.cs using Guid(540f28b16eee347baa2467cec361d10c) Importer(815301076,1909f56bfc062723c751e8b465ee728b)  -> (artifact id: 'd2e060cc724e39978045ca57a9d0f5bc') in 0.002265 seconds
  Import took 0.005075 seconds .

========================================================================
Received Import Request.
  Time since last request: 0.001315 seconds.
  path: Assets/_Scripts/CoinPicker.cs
  artifactKey: Guid(540f28b16eee347baa2467cec361d10c) Importer(815301076,1909f56bfc062723c751e8b465ee728b)
Start importing Assets/_Scripts/CoinPicker.cs using Guid(540f28b16eee347baa2467cec361d10c) Importer(815301076,1909f56bfc062723c751e8b465ee728b)  -> (artifact id: 'd2e060cc724e39978045ca57a9d0f5bc') in 0.002282 seconds
  Import took 0.006457 seconds .

========================================================================
Received Import Request.
  Time since last request: 12.971866 seconds.
  path: Assets/_Scripts/CoinPicker.cs
  artifactKey: Guid(540f28b16eee347baa2467cec361d10c) Importer(815301076,1909f56bfc062723c751e8b465ee728b)
Start importing Assets/_Scripts/CoinPicker.cs using Guid(540f28b16eee347baa2467cec361d10c) Importer(815301076,1909f56bfc062723c751e8b465ee728b)  -> (artifact id: '4ee6ae8f50248ad1e4cee62d675d3c7d') in 0.001952 seconds
  Import took 0.006897 seconds .

========================================================================
Received Prepare
Registering precompiled user dll's ...
Registered in 0.000500 seconds.
Begin MonoManager ReloadAssembly
Native extension for WindowsStandalone target not found
Native extension for OSXStandalone target not found
Native extension for WebGL target not found
Refreshing native plugins compatible for Editor in 0.27 ms, found 1 plugins.
Preloading 0 native plugins for Editor in 0.00 ms.
Invoked RoslynAnalysisRunner static constructor.
RoslynAnalysisRunner will not be running.
RoslynAnalysisRunner has terminated.
Mono: successfully reloaded assembly
- Completed reload, in  1.373 seconds
Platform modules already initialized, skipping
Refreshing native plugins compatible for Editor in 0.55 ms, found 1 plugins.
Preloading 0 native plugins for Editor in 0.00 ms.
Unloading 1168 Unused Serialized files (Serialized files now loaded: 0)
System memory in use before: 143.7 MB.
System memory in use after: 143.8 MB.

Unloading 5 unused Assets to reduce memory usage. Loaded Objects now: 1731.
Total: 2.264611 ms (FindLiveObjects: 0.308088 ms CreateObjectMapping: 0.080282 ms MarkObjects: 1.795317 ms  DeleteObjects: 0.019835 ms)

========================================================================
Received Prepare
Registering precompiled user dll's ...
Registered in 0.000679 seconds.
Begin MonoManager ReloadAssembly
Native extension for WindowsStandalone target not found
Native extension for OSXStandalone target not found
Native extension for WebGL target not found
Refreshing native plugins compatible for Editor in 0.26 ms, found 1 plugins.
Preloading 0 native plugins for Editor in 0.00 ms.
Invoked RoslynAnalysisRunner static constructor.
RoslynAnalysisRunner will not be running.
RoslynAnalysisRunner has terminated.
Mono: successfully reloaded assembly
- Completed reload, in  1.235 seconds
Platform modules already initialized, skipping
Refreshing native plugins compatible for Editor in 0.28 ms, found 1 plugins.
Preloading 0 native plugins for Editor in 0.00 ms.
Unloading 1168 Unused Serialized files (Serialized files now loaded: 0)
System memory in use before: 144.0 MB.
System memory in use after: 144.1 MB.

Unloading 4 unused Assets to reduce memory usage. Loaded Objects now: 1733.
Total: 2.082891 ms (FindLiveObjects: 0.254899 ms CreateObjectMapping: 0.046848 ms MarkObjects: 1.759713 ms  DeleteObjects: 0.019739 ms)

========================================================================
Received Prepare
Registering precompiled user dll's ...
Registered in 0.002494 seconds.
Begin MonoManager ReloadAssembly
Native extension for WindowsStandalone target not found
Native extension for OSXStandalone target not found
Native extension for WebGL target not found
Refreshing native plugins compatible for Editor in 0.28 ms, found 1 plugins.
Preloading 0 native plugins for Editor in 0.00 ms.
Invoked RoslynAnalysisRunner static constructor.
RoslynAnalysisRunner will not be running.
RoslynAnalysisRunner has terminated.
Mono: successfully reloaded assembly
- Completed reload, in  1.545 seconds
Platform modules already initialized, skipping
Refreshing native plugins compatible for Editor in 0.48 ms, found 1 plugins.
Preloading 0 native plugins for Editor in 0.00 ms.
Unloading 1168 Unused Serialized files (Serialized files now loaded: 0)
System memory in use before: 144.1 MB.
System memory in use after: 144.2 MB.

Unloading 4 unused Assets to reduce memory usage. Loaded Objects now: 1735.
Total: 3.242746 ms (FindLiveObjects: 0.503362 ms CreateObjectMapping: 0.115722 ms MarkObjects: 2.597607 ms  DeleteObjects: 0.023705 ms)

========================================================================
Received Import Request.
  Time since last request: 422.526254 seconds.
  path: Assets/_Scripts/CoinPicker.cs
  artifactKey: Guid(540f28b16eee347baa2467cec361d10c) Importer(815301076,1909f56bfc062723c751e8b465ee728b)
Start importing Assets/_Scripts/CoinPicker.cs using Guid(540f28b16eee347baa2467cec361d10c) Importer(815301076,1909f56bfc062723c751e8b465ee728b)  -> (artifact id: '95714cbe1c8bdda152b478ba21e691d5') in 0.006571 seconds
  Import took 0.010420 seconds .

========================================================================
Received Import Request.
  Time since last request: 0.000368 seconds.
  path: Assets/_Scripts/CameraController.cs
  artifactKey: Guid(c3abe8f9fa194824aba1f233e2dd4954) Importer(815301076,1909f56bfc062723c751e8b465ee728b)
Start importing Assets/_Scripts/CameraController.cs using Guid(c3abe8f9fa194824aba1f233e2dd4954) Importer(815301076,1909f56bfc062723c751e8b465ee728b)  -> (artifact id: 'e53161463f3245d786c4a093f3cc773e') in 0.002966 seconds
  Import took 0.005926 seconds .

========================================================================
Received Prepare
Registering precompiled user dll's ...
Registered in 0.000503 seconds.
Begin MonoManager ReloadAssembly
Native extension for WindowsStandalone target not found
Native extension for OSXStandalone target not found
Native extension for WebGL target not found
Refreshing native plugins compatible for Editor in 0.30 ms, found 1 plugins.
Preloading 0 native plugins for Editor in 0.00 ms.
Invoked RoslynAnalysisRunner static constructor.
RoslynAnalysisRunner will not be running.
RoslynAnalysisRunner has terminated.
Mono: successfully reloaded assembly
- Completed reload, in  1.311 seconds
Platform modules already initialized, skipping
Refreshing native plugins compatible for Editor in 0.55 ms, found 1 plugins.
Preloading 0 native plugins for Editor in 0.00 ms.
Unloading 1168 Unused Serialized files (Serialized files now loaded: 0)
System memory in use before: 144.3 MB.
System memory in use after: 144.4 MB.

Unloading 4 unused Assets to reduce memory usage. Loaded Objects now: 1737.
Total: 2.485676 ms (FindLiveObjects: 0.250964 ms CreateObjectMapping: 0.046952 ms MarkObjects: 2.167051 ms  DeleteObjects: 0.018719 ms)

========================================================================
Received Prepare
Registering precompiled user dll's ...
Registered in 0.000557 seconds.
Begin MonoManager ReloadAssembly
Native extension for WindowsStandalone target not found
Native extension for OSXStandalone target not found
Native extension for WebGL target not found
Refreshing native plugins compatible for Editor in 0.27 ms, found 1 plugins.
Preloading 0 native plugins for Editor in 0.00 ms.
Invoked RoslynAnalysisRunner static constructor.
RoslynAnalysisRunner will not be running.
RoslynAnalysisRunner has terminated.
Mono: successfully reloaded assembly
- Completed reload, in  1.428 seconds
Platform modules already initialized, skipping
Refreshing native plugins compatible for Editor in 0.50 ms, found 1 plugins.
Preloading 0 native plugins for Editor in 0.00 ms.
Unloading 1168 Unused Serialized files (Serialized files now loaded: 0)
System memory in use before: 144.2 MB.
System memory in use after: 144.3 MB.

Unloading 4 unused Assets to reduce memory usage. Loaded Objects now: 1739.
Total: 2.717013 ms (FindLiveObjects: 0.334247 ms CreateObjectMapping: 0.071270 ms MarkObjects: 2.283305 ms  DeleteObjects: 0.025865 ms)

========================================================================
Received Import Request.
  Time since last request: 919.821762 seconds.
  path: Assets/_Scripts/CoinPicker.cs
  artifactKey: Guid(540f28b16eee347baa2467cec361d10c) Importer(815301076,1909f56bfc062723c751e8b465ee728b)
Start importing Assets/_Scripts/CoinPicker.cs using Guid(540f28b16eee347baa2467cec361d10c) Importer(815301076,1909f56bfc062723c751e8b465ee728b)  -> (artifact id: '6e711bca7b7fa3fce3d9a86ff1bd0d59') in 0.004953 seconds
  Import took 0.007631 seconds .

========================================================================
Received Import Request.
  Time since last request: 0.003348 seconds.
  path: Assets/_Scripts/CoinPicker.cs
  artifactKey: Guid(540f28b16eee347baa2467cec361d10c) Importer(815301076,1909f56bfc062723c751e8b465ee728b)
Start importing Assets/_Scripts/CoinPicker.cs using Guid(540f28b16eee347baa2467cec361d10c) Importer(815301076,1909f56bfc062723c751e8b465ee728b)  -> (artifact id: '6e711bca7b7fa3fce3d9a86ff1bd0d59') in 0.002226 seconds
  Import took 0.007028 seconds .

========================================================================
Received Import Request.
  Time since last request: 934.357614 seconds.
  path: Assets/_Scripts/CoinPicker.cs
  artifactKey: Guid(540f28b16eee347baa2467cec361d10c) Importer(815301076,1909f56bfc062723c751e8b465ee728b)
Start importing Assets/_Scripts/CoinPicker.cs using Guid(540f28b16eee347baa2467cec361d10c) Importer(815301076,1909f56bfc062723c751e8b465ee728b)  -> (artifact id: 'c5c6826b1a4fe3052f7abcb9a619590b') in 0.002128 seconds
  Import took 0.004990 seconds .

========================================================================
Received Import Request.
  Time since last request: 27.590534 seconds.
  path: Assets/_Scripts/CoinPicker.cs
  artifactKey: Guid(540f28b16eee347baa2467cec361d10c) Importer(815301076,1909f56bfc062723c751e8b465ee728b)
Start importing Assets/_Scripts/CoinPicker.cs using Guid(540f28b16eee347baa2467cec361d10c) Importer(815301076,1909f56bfc062723c751e8b465ee728b)  -> (artifact id: '902837d40a537bd67d834fd84a1cc638') in 0.002374 seconds
  Import took 0.006882 seconds .

========================================================================
Received Import Request.
  Time since last request: 25.571870 seconds.
  path: Assets/_Scripts/CoinPicker.cs
  artifactKey: Guid(540f28b16eee347baa2467cec361d10c) Importer(815301076,1909f56bfc062723c751e8b465ee728b)
Start importing Assets/_Scripts/CoinPicker.cs using Guid(540f28b16eee347baa2467cec361d10c) Importer(815301076,1909f56bfc062723c751e8b465ee728b)  -> (artifact id: '68bafb635a103b9215191382d0416cc3') in 0.002089 seconds
  Import took 0.005445 seconds .

========================================================================
Received Import Request.
  Time since last request: 1.819131 seconds.
  path: Assets/_Scripts/DeathPlaneController.cs
  artifactKey: Guid(8b8bf2e802c7c4d4bb9da21c1f4fedef) Importer(815301076,1909f56bfc062723c751e8b465ee728b)
Start importing Assets/_Scripts/DeathPlaneController.cs using Guid(8b8bf2e802c7c4d4bb9da21c1f4fedef) Importer(815301076,1909f56bfc062723c751e8b465ee728b)  -> (artifact id: '2b863bbdb0adc1e77987e309bcd0d683') in 0.001882 seconds
  Import took 0.004985 seconds .

========================================================================
Received Import Request.
  Time since last request: 0.002546 seconds.
  path: Assets/_Scripts/DeathPlaneController.cs
  artifactKey: Guid(8b8bf2e802c7c4d4bb9da21c1f4fedef) Importer(815301076,1909f56bfc062723c751e8b465ee728b)
Start importing Assets/_Scripts/DeathPlaneController.cs using Guid(8b8bf2e802c7c4d4bb9da21c1f4fedef) Importer(815301076,1909f56bfc062723c751e8b465ee728b)  -> (artifact id: '2b863bbdb0adc1e77987e309bcd0d683') in 0.003232 seconds
  Import took 0.009352 seconds .

========================================================================
Received Import Request.
  Time since last request: 56.508477 seconds.
  path: Assets/_Scripts/CoinPicker.cs
  artifactKey: Guid(540f28b16eee347baa2467cec361d10c) Importer(815301076,1909f56bfc062723c751e8b465ee728b)
Start importing Assets/_Scripts/CoinPicker.cs using Guid(540f28b16eee347baa2467cec361d10c) Importer(815301076,1909f56bfc062723c751e8b465ee728b)  -> (artifact id: '0b8d572cdef4b28b560dbb43d23e6a3a') in 0.002149 seconds
  Import took 0.004985 seconds .

========================================================================
Received Import Request.
  Time since last request: 0.002196 seconds.
  path: Assets/_Scripts/CoinPicker.cs
  artifactKey: Guid(540f28b16eee347baa2467cec361d10c) Importer(815301076,1909f56bfc062723c751e8b465ee728b)
Start importing Assets/_Scripts/CoinPicker.cs using Guid(540f28b16eee347baa2467cec361d10c) Importer(815301076,1909f56bfc062723c751e8b465ee728b)  -> (artifact id: '0b8d572cdef4b28b560dbb43d23e6a3a') in 0.001851 seconds
  Import took 0.004827 seconds .

========================================================================
Received Import Request.
  Time since last request: 230.784183 seconds.
  path: Assets/_Scripts/EnableEnemy.cs
  artifactKey: Guid(52824cddda5ab46c593c2b8e7d766cc8) Importer(815301076,1909f56bfc062723c751e8b465ee728b)
Start importing Assets/_Scripts/EnableEnemy.cs using Guid(52824cddda5ab46c593c2b8e7d766cc8) Importer(815301076,1909f56bfc062723c751e8b465ee728b)  -> (artifact id: '49d82ea5e4513d65ca3f8158a753908d') in 0.002493 seconds
  Import took 0.006219 seconds .

========================================================================
Received Import Request.
  Time since last request: 0.000766 seconds.
  path: Assets/_Scripts/EnableEnemy.cs
  artifactKey: Guid(52824cddda5ab46c593c2b8e7d766cc8) Importer(815301076,1909f56bfc062723c751e8b465ee728b)
Start importing Assets/_Scripts/EnableEnemy.cs using Guid(52824cddda5ab46c593c2b8e7d766cc8) Importer(815301076,1909f56bfc062723c751e8b465ee728b)  -> (artifact id: '49d82ea5e4513d65ca3f8158a753908d') in 0.004774 seconds
  Import took 0.009886 seconds .

========================================================================
Received Import Request.
  Time since last request: 59.710830 seconds.
  path: Assets/_Scripts/CoinPicker.cs
  artifactKey: Guid(540f28b16eee347baa2467cec361d10c) Importer(815301076,1909f56bfc062723c751e8b465ee728b)
Start importing Assets/_Scripts/CoinPicker.cs using Guid(540f28b16eee347baa2467cec361d10c) Importer(815301076,1909f56bfc062723c751e8b465ee728b)  -> (artifact id: 'a53a198094fa379dbda544f35e4b337b') in 0.010874 seconds
  Import took 0.025571 seconds .

========================================================================
Received Import Request.
  Time since last request: 98.134899 seconds.
  path: Assets/_Scripts/CoinPicker.cs
  artifactKey: Guid(540f28b16eee347baa2467cec361d10c) Importer(815301076,1909f56bfc062723c751e8b465ee728b)
Start importing Assets/_Scripts/CoinPicker.cs using Guid(540f28b16eee347baa2467cec361d10c) Importer(815301076,1909f56bfc062723c751e8b465ee728b)  -> (artifact id: 'b58382b5667b69a20199de182935b043') in 0.002254 seconds
  Import took 0.005454 seconds .

========================================================================
Received Import Request.
  Time since last request: 59.840641 seconds.
  path: Assets/_Scripts/CoinPicker.cs
  artifactKey: Guid(540f28b16eee347baa2467cec361d10c) Importer(815301076,1909f56bfc062723c751e8b465ee728b)
Start importing Assets/_Scripts/CoinPicker.cs using Guid(540f28b16eee347baa2467cec361d10c) Importer(815301076,1909f56bfc062723c751e8b465ee728b)  -> (artifact id: 'a0ef2ac96d641cff5e9b2de70a1d422e') in 0.002339 seconds
  Import took 0.008074 seconds .

========================================================================
Received Prepare
Registering precompiled user dll's ...
Registered in 0.000608 seconds.
Begin MonoManager ReloadAssembly
Native extension for WindowsStandalone target not found
Native extension for OSXStandalone target not found
Native extension for WebGL target not found
Refreshing native plugins compatible for Editor in 0.27 ms, found 1 plugins.
Preloading 0 native plugins for Editor in 0.00 ms.
Invoked RoslynAnalysisRunner static constructor.
RoslynAnalysisRunner will not be running.
RoslynAnalysisRunner has terminated.
Mono: successfully reloaded assembly
- Completed reload, in  1.359 seconds
Platform modules already initialized, skipping
Refreshing native plugins compatible for Editor in 0.47 ms, found 1 plugins.
Preloading 0 native plugins for Editor in 0.00 ms.
Unloading 1168 Unused Serialized files (Serialized files now loaded: 0)
System memory in use before: 144.7 MB.
System memory in use after: 144.7 MB.

Unloading 4 unused Assets to reduce memory usage. Loaded Objects now: 1741.
Total: 2.605617 ms (FindLiveObjects: 0.270077 ms CreateObjectMapping: 0.057693 ms MarkObjects: 2.255557 ms  DeleteObjects: 0.019188 ms)

========================================================================
Received Prepare
Registering precompiled user dll's ...
Registered in 0.000500 seconds.
Begin MonoManager ReloadAssembly
Native extension for WindowsStandalone target not found
Native extension for OSXStandalone target not found
Native extension for WebGL target not found
Refreshing native plugins compatible for Editor in 0.34 ms, found 1 plugins.
Preloading 0 native plugins for Editor in 0.00 ms.
Invoked RoslynAnalysisRunner static constructor.
RoslynAnalysisRunner will not be running.
RoslynAnalysisRunner has terminated.
Mono: successfully reloaded assembly
- Completed reload, in  1.354 seconds
Platform modules already initialized, skipping
Refreshing native plugins compatible for Editor in 0.26 ms, found 1 plugins.
Preloading 0 native plugins for Editor in 0.00 ms.
Unloading 1168 Unused Serialized files (Serialized files now loaded: 0)
System memory in use before: 144.8 MB.
System memory in use after: 144.9 MB.

Unloading 4 unused Assets to reduce memory usage. Loaded Objects now: 1743.
Total: 2.572745 ms (FindLiveObjects: 0.278272 ms CreateObjectMapping: 0.055472 ms MarkObjects: 2.220802 ms  DeleteObjects: 0.016459 ms)

========================================================================
Received Import Request.
  Time since last request: 581.887547 seconds.
  path: Assets/Text (TMP).prefab
  artifactKey: Guid(34aa9896a2f2a4e6ab40f98f29779242) Importer(815301076,1909f56bfc062723c751e8b465ee728b)
Start importing Assets/Text (TMP).prefab using Guid(34aa9896a2f2a4e6ab40f98f29779242) Importer(815301076,1909f56bfc062723c751e8b465ee728b)  -> (artifact id: '5385caaeaa7e20f615d5f25651ae99da') in 0.168691 seconds
  Import took 0.173858 seconds .

========================================================================
Received Import Request.
  Time since last request: 0.036342 seconds.
  path: Assets/Text (TMP).prefab
  artifactKey: Guid(34aa9896a2f2a4e6ab40f98f29779242) Importer(815301076,1909f56bfc062723c751e8b465ee728b)
Start importing Assets/Text (TMP).prefab using Guid(34aa9896a2f2a4e6ab40f98f29779242) Importer(815301076,1909f56bfc062723c751e8b465ee728b)  -> (artifact id: '5385caaeaa7e20f615d5f25651ae99da') in 0.040611 seconds
  Import took 0.046548 seconds .

========================================================================
Received Import Request.
  Time since last request: 409.442750 seconds.
  path: Assets/Materials/Quest.png
  artifactKey: Guid(554baacfbe4d94fb3b22ee9fb5ecbfb1) Importer(815301076,1909f56bfc062723c751e8b465ee728b)
Start importing Assets/Materials/Quest.png using Guid(554baacfbe4d94fb3b22ee9fb5ecbfb1) Importer(815301076,1909f56bfc062723c751e8b465ee728b)  -> (artifact id: 'dc47a2f2b9afcca5025120700156e0d2') in 0.040703 seconds
  Import took 0.044923 seconds .

========================================================================
Received Import Request.
  Time since last request: 11.963355 seconds.
  path: Assets/Materials/Quest.png
  artifactKey: Guid(554baacfbe4d94fb3b22ee9fb5ecbfb1) Importer(815301076,1909f56bfc062723c751e8b465ee728b)
Start importing Assets/Materials/Quest.png using Guid(554baacfbe4d94fb3b22ee9fb5ecbfb1) Importer(815301076,1909f56bfc062723c751e8b465ee728b)  -> (artifact id: '1c9bd6d9dadb6932eba44220a04d196a') in 0.055063 seconds
  Import took 0.060281 seconds .

========================================================================
Received Import Request.
  Time since last request: 99.663481 seconds.
  path: Assets/_Scripts/QuestControllerPanel.cs
  artifactKey: Guid(f113954b2773d4db9b831739d21b7ea4) Importer(815301076,1909f56bfc062723c751e8b465ee728b)
Start importing Assets/_Scripts/QuestControllerPanel.cs using Guid(f113954b2773d4db9b831739d21b7ea4) Importer(815301076,1909f56bfc062723c751e8b465ee728b)  -> (artifact id: '093064f158929575d1c6e5fb71a36750') in 0.003606 seconds
  Import took 0.007107 seconds .

========================================================================
Received Prepare
Registering precompiled user dll's ...
Registered in 0.000503 seconds.
Begin MonoManager ReloadAssembly
Native extension for WindowsStandalone target not found
Native extension for OSXStandalone target not found
Native extension for WebGL target not found
Refreshing native plugins compatible for Editor in 0.27 ms, found 1 plugins.
Preloading 0 native plugins for Editor in 0.00 ms.
Invoked RoslynAnalysisRunner static constructor.
RoslynAnalysisRunner will not be running.
RoslynAnalysisRunner has terminated.
Mono: successfully reloaded assembly
- Completed reload, in  1.315 seconds
Platform modules already initialized, skipping
Refreshing native plugins compatible for Editor in 0.42 ms, found 1 plugins.
Preloading 0 native plugins for Editor in 0.00 ms.
Unloading 1169 Unused Serialized files (Serialized files now loaded: 0)
System memory in use before: 145.4 MB.
System memory in use after: 145.4 MB.

Unloading 4 unused Assets to reduce memory usage. Loaded Objects now: 1749.
Total: 2.888123 ms (FindLiveObjects: 0.244668 ms CreateObjectMapping: 0.068336 ms MarkObjects: 2.552238 ms  DeleteObjects: 0.020472 ms)

========================================================================
Received Prepare
Registering precompiled user dll's ...
Registered in 0.000819 seconds.
Begin MonoManager ReloadAssembly
Native extension for WindowsStandalone target not found
Native extension for OSXStandalone target not found
Native extension for WebGL target not found
Refreshing native plugins compatible for Editor in 0.38 ms, found 1 plugins.
Preloading 0 native plugins for Editor in 0.00 ms.
Invoked RoslynAnalysisRunner static constructor.
RoslynAnalysisRunner will not be running.
RoslynAnalysisRunner has terminated.
Mono: successfully reloaded assembly
- Completed reload, in  1.267 seconds
Platform modules already initialized, skipping
Refreshing native plugins compatible for Editor in 0.38 ms, found 1 plugins.
Preloading 0 native plugins for Editor in 0.00 ms.
Unloading 1169 Unused Serialized files (Serialized files now loaded: 0)
System memory in use before: 145.7 MB.
System memory in use after: 145.8 MB.

Unloading 4 unused Assets to reduce memory usage. Loaded Objects now: 1751.
Total: 2.839238 ms (FindLiveObjects: 0.247590 ms CreateObjectMapping: 0.073000 ms MarkObjects: 2.493636 ms  DeleteObjects: 0.020593 ms)

========================================================================
Received Prepare
Registering precompiled user dll's ...
Registered in 0.000799 seconds.
Begin MonoManager ReloadAssembly
Native extension for WindowsStandalone target not found
Native extension for OSXStandalone target not found
Native extension for WebGL target not found
Refreshing native plugins compatible for Editor in 0.56 ms, found 1 plugins.
Preloading 0 native plugins for Editor in 0.00 ms.
Invoked RoslynAnalysisRunner static constructor.
RoslynAnalysisRunner will not be running.
RoslynAnalysisRunner has terminated.
Mono: successfully reloaded assembly
- Completed reload, in  2.528 seconds
Platform modules already initialized, skipping
Refreshing native plugins compatible for Editor in 0.40 ms, found 1 plugins.
Preloading 0 native plugins for Editor in 0.00 ms.
Unloading 1169 Unused Serialized files (Serialized files now loaded: 0)
System memory in use before: 145.9 MB.
System memory in use after: 145.9 MB.

Unloading 4 unused Assets to reduce memory usage. Loaded Objects now: 1753.
Total: 5.823287 ms (FindLiveObjects: 0.934758 ms CreateObjectMapping: 0.415643 ms MarkObjects: 4.440619 ms  DeleteObjects: 0.021941 ms)

========================================================================
Received Import Request.
  Time since last request: 715.880625 seconds.
  path: Assets/TextMesh Pro
  artifactKey: Guid(f54d1bd14bd3ca042bd867b519fee8cc) Importer(815301076,1909f56bfc062723c751e8b465ee728b)
Start importing Assets/TextMesh Pro using Guid(f54d1bd14bd3ca042bd867b519fee8cc) Importer(815301076,1909f56bfc062723c751e8b465ee728b)  -> (artifact id: '03ff60a837208ee1cabb1611f07acb38') in 0.005412 seconds
  Import took 0.008978 seconds .

========================================================================
Received Prepare
Registering precompiled user dll's ...
Registered in 0.000523 seconds.
Begin MonoManager ReloadAssembly
Native extension for WindowsStandalone target not found
Native extension for OSXStandalone target not found
Native extension for WebGL target not found
Refreshing native plugins compatible for Editor in 0.27 ms, found 1 plugins.
Preloading 0 native plugins for Editor in 0.00 ms.
Invoked RoslynAnalysisRunner static constructor.
RoslynAnalysisRunner will not be running.
RoslynAnalysisRunner has terminated.
Mono: successfully reloaded assembly
- Completed reload, in  1.310 seconds
Platform modules already initialized, skipping
Refreshing native plugins compatible for Editor in 0.33 ms, found 1 plugins.
Preloading 0 native plugins for Editor in 0.00 ms.
Unloading 1169 Unused Serialized files (Serialized files now loaded: 0)
System memory in use before: 146.0 MB.
System memory in use after: 146.1 MB.

Unloading 4 unused Assets to reduce memory usage. Loaded Objects now: 1755.
Total: 2.782748 ms (FindLiveObjects: 0.424203 ms CreateObjectMapping: 0.083414 ms MarkObjects: 2.250498 ms  DeleteObjects: 0.022456 ms)

