Using pre-set license

 COMMAND LINE ARGUMENTS:
/Applications/Unity/Hub/Editor/2020.2.1f1/Unity.app/Contents/MacOS/Unity
-adb2
-batchMode
-noUpm
-name
AssetImportWorker0
-projectPath
/Users/ramandeep/Documents/Assignment2-Part1
-logFile
Logs/AssetImportWorker0.log
-srvPort
51104
Successfully changed project path to: /Users/ramandeep/Documents/Assignment2-Part1
/Users/ramandeep/Documents/Assignment2-Part1
Using Asset Import Pipeline V2.
Refreshing native plugins compatible for Editor in 44.41 ms, found 1 plugins.
Preloading 0 native plugins for Editor in 0.00 ms.
Initialize engine version: 2020.2.1f1 (270dd8c3da1c)
[Subsystems] Discovering subsystems at path /Applications/Unity/Hub/Editor/2020.2.1f1/Unity.app/Contents/Resources/UnitySubsystems
[Subsystems] Discovering subsystems at path /Users/ramandeep/Documents/Assignment2-Part1/Assets
GfxDevice: creating device client; threaded=0
2021-04-02 20:01:32.565 Unity[16768:108729] Color LCD preferred device: Intel(R) Iris(TM) Graphics 6000 (low power)
2021-04-02 20:01:32.565 Unity[16768:108729] Metal devices available: 1
2021-04-02 20:01:32.565 Unity[16768:108729] 0: Intel(R) Iris(TM) Graphics 6000 (low power)
2021-04-02 20:01:32.566 Unity[16768:108729] Using device Intel(R) Iris(TM) Graphics 6000 (low power)
Initializing Metal device caps: Intel(R) Iris(TM) Graphics 6000
Initialize mono
Mono path[0] = '/Applications/Unity/Hub/Editor/2020.2.1f1/Unity.app/Contents/Managed'
Mono path[1] = '/Applications/Unity/Hub/Editor/2020.2.1f1/Unity.app/Contents/MonoBleedingEdge/lib/mono/unityjit'
Mono config path = '/Applications/Unity/Hub/Editor/2020.2.1f1/Unity.app/Contents/MonoBleedingEdge/etc'
Using monoOptions --debugger-agent=transport=dt_socket,embedding=1,server=y,suspend=n,address=127.0.0.1:56768
Begin MonoManager ReloadAssembly
Registering precompiled unity dll's ...
Register platform support module: /Applications/Unity/Hub/Editor/2020.2.1f1/PlaybackEngines/WebGLSupport/UnityEditor.WebGL.Extensions.dll
Register platform support module: /Applications/Unity/Hub/Editor/2020.2.1f1/Unity.app/Contents/PlaybackEngines/MacStandaloneSupport/UnityEditor.OSXStandalone.Extensions.dll
Register platform support module: /Applications/Unity/Hub/Editor/2020.2.1f1/PlaybackEngines/WindowsStandaloneSupport/UnityEditor.WindowsStandalone.Extensions.dll
Registered in 0.003261 seconds.
Native extension for WindowsStandalone target not found
Native extension for OSXStandalone target not found
Native extension for WebGL target not found
Refreshing native plugins compatible for Editor in 47.96 ms, found 1 plugins.
Preloading 0 native plugins for Editor in 0.00 ms.
Invoked RoslynAnalysisRunner static constructor.
RoslynAnalysisRunner will not be running.
RoslynAnalysisRunner has terminated.
Mono: successfully reloaded assembly
- Completed reload, in  4.936 seconds
Platform modules already initialized, skipping
Registering precompiled user dll's ...
Registered in 0.001542 seconds.
Begin MonoManager ReloadAssembly
Native extension for WindowsStandalone target not found
Native extension for OSXStandalone target not found
Native extension for WebGL target not found
Refreshing native plugins compatible for Editor in 0.64 ms, found 1 plugins.
Preloading 0 native plugins for Editor in 0.00 ms.
Invoked RoslynAnalysisRunner static constructor.
RoslynAnalysisRunner will not be running.
RoslynAnalysisRunner has terminated.
Mono: successfully reloaded assembly
- Completed reload, in  2.882 seconds
Platform modules already initialized, skipping
========================================================================
Worker process is ready to serve import requests
Launching external process: /Applications/Unity/Hub/Editor/2020.2.1f1/Unity.app/Contents/Tools/UnityShaderCompiler
Launched and connected shader compiler UnityShaderCompiler after 0.02 seconds
Refreshing native plugins compatible for Editor in 0.27 ms, found 1 plugins.
Preloading 0 native plugins for Editor in 0.00 ms.
Unloading 1172 Unused Serialized files (Serialized files now loaded: 0)
System memory in use before: 114.0 MB.
System memory in use after: 114.0 MB.

Unloading 9 unused Assets to reduce memory usage. Loaded Objects now: 1614.
Total: 3.333733 ms (FindLiveObjects: 0.319443 ms CreateObjectMapping: 0.075180 ms MarkObjects: 2.847159 ms  DeleteObjects: 0.089832 ms)

========================================================================
Received Import Request.
  path: Assets/_Scenes
  artifactKey: Guid(fab212a8ab010474ab37b0ebb5011727) Importer(815301076,1909f56bfc062723c751e8b465ee728b)
Start importing Assets/_Scenes using Guid(fab212a8ab010474ab37b0ebb5011727) Importer(815301076,1909f56bfc062723c751e8b465ee728b)  -> (artifact id: '746e9aac0c8c4fe69d336a3607600d50') in 0.005393 seconds
  Import took 0.008332 seconds .

========================================================================
Received Import Request.
  Time since last request: 0.000274 seconds.
  path: Assets/_Scenes/Main.unity
  artifactKey: Guid(9fc0d4010bbf28b4594072e72b8655ab) Importer(815301076,1909f56bfc062723c751e8b465ee728b)
Start importing Assets/_Scenes/Main.unity using Guid(9fc0d4010bbf28b4594072e72b8655ab) Importer(815301076,1909f56bfc062723c751e8b465ee728b)  -> (artifact id: '1db0e7cc012ea5b7736ddc084f0b138d') in 0.018083 seconds
  Import took 0.021085 seconds .

========================================================================
Received Import Request.
  Time since last request: 20.379276 seconds.
  path: Assets/_Scenes/Start.unity
  artifactKey: Guid(4141b9712ef123b4f81eefef5ffa5c8a) Importer(815301076,1909f56bfc062723c751e8b465ee728b)
Start importing Assets/_Scenes/Start.unity using Guid(4141b9712ef123b4f81eefef5ffa5c8a) Importer(815301076,1909f56bfc062723c751e8b465ee728b)  -> (artifact id: '2d7f6f4b254385454fa22dc3218317b9') in 0.002644 seconds
  Import took 0.005862 seconds .

========================================================================
Received Import Request.
  Time since last request: 12.859187 seconds.
  path: Assets/_Scripts/PlayerBehaviour.cs
  artifactKey: Guid(afceee71471ed67478d98bcc5eb158e7) Importer(815301076,1909f56bfc062723c751e8b465ee728b)
Start importing Assets/_Scripts/PlayerBehaviour.cs using Guid(afceee71471ed67478d98bcc5eb158e7) Importer(815301076,1909f56bfc062723c751e8b465ee728b)  -> (artifact id: '33ff30d2cf7bc9f6d8bf982936585e0d') in 0.216840 seconds
  Import took 0.220275 seconds .

========================================================================
Received Import Request.
  Time since last request: 3.335879 seconds.
  path: Assets/_Scripts/ControlPanelController.cs
  artifactKey: Guid(4462c2d63e6e09443a2f2005fba16a92) Importer(815301076,1909f56bfc062723c751e8b465ee728b)
Start importing Assets/_Scripts/ControlPanelController.cs using Guid(4462c2d63e6e09443a2f2005fba16a92) Importer(815301076,1909f56bfc062723c751e8b465ee728b)  -> (artifact id: '5c88dcf11d7b52525a23531996c9882b') in 0.002186 seconds
  Import took 0.005022 seconds .

========================================================================
Received Import Request.
  Time since last request: 0.007971 seconds.
  path: Assets/_Scripts/ControlPanelController.cs
  artifactKey: Guid(4462c2d63e6e09443a2f2005fba16a92) Importer(815301076,1909f56bfc062723c751e8b465ee728b)
Start importing Assets/_Scripts/ControlPanelController.cs using Guid(4462c2d63e6e09443a2f2005fba16a92) Importer(815301076,1909f56bfc062723c751e8b465ee728b)  -> (artifact id: '5c88dcf11d7b52525a23531996c9882b') in 0.003239 seconds
  Import took 0.010247 seconds .

========================================================================
Received Import Request.
  Time since last request: 33.581189 seconds.
  path: Assets/_Scripts/ControlPanelController.cs
  artifactKey: Guid(4462c2d63e6e09443a2f2005fba16a92) Importer(815301076,1909f56bfc062723c751e8b465ee728b)
Start importing Assets/_Scripts/ControlPanelController.cs using Guid(4462c2d63e6e09443a2f2005fba16a92) Importer(815301076,1909f56bfc062723c751e8b465ee728b)  -> (artifact id: 'cfe84718d3abde683101a8fefbf32417') in 0.002122 seconds
  Import took 0.006054 seconds .

========================================================================
Received Import Request.
  Time since last request: 2.166224 seconds.
  path: Assets/Data/SceneDataSO.cs
  artifactKey: Guid(32286067d491147669bcc9ffc24b1f16) Importer(815301076,1909f56bfc062723c751e8b465ee728b)
Start importing Assets/Data/SceneDataSO.cs using Guid(32286067d491147669bcc9ffc24b1f16) Importer(815301076,1909f56bfc062723c751e8b465ee728b)  -> (artifact id: '532c3617bbc329e41c0eda93b802f3b2') in 0.002348 seconds
  Import took 0.005579 seconds .

========================================================================
Received Import Request.
  Time since last request: 0.005319 seconds.
  path: Assets/Data/SceneDataSO.cs
  artifactKey: Guid(32286067d491147669bcc9ffc24b1f16) Importer(815301076,1909f56bfc062723c751e8b465ee728b)
Start importing Assets/Data/SceneDataSO.cs using Guid(32286067d491147669bcc9ffc24b1f16) Importer(815301076,1909f56bfc062723c751e8b465ee728b)  -> (artifact id: '532c3617bbc329e41c0eda93b802f3b2') in 0.002876 seconds
  Import took 0.008560 seconds .

========================================================================
Received Prepare
Registering precompiled user dll's ...
Registered in 0.000589 seconds.
Begin MonoManager ReloadAssembly
Native extension for WindowsStandalone target not found
Native extension for OSXStandalone target not found
Native extension for WebGL target not found
Refreshing native plugins compatible for Editor in 0.30 ms, found 1 plugins.
Preloading 0 native plugins for Editor in 0.00 ms.
Invoked RoslynAnalysisRunner static constructor.
RoslynAnalysisRunner will not be running.
RoslynAnalysisRunner has terminated.
Mono: successfully reloaded assembly
- Completed reload, in  1.662 seconds
Platform modules already initialized, skipping
Refreshing native plugins compatible for Editor in 0.28 ms, found 1 plugins.
Preloading 0 native plugins for Editor in 0.00 ms.
Unloading 1153 Unused Serialized files (Serialized files now loaded: 0)
System memory in use before: 114.6 MB.
System memory in use after: 114.7 MB.

Unloading 4 unused Assets to reduce memory usage. Loaded Objects now: 1616.
Total: 1.914069 ms (FindLiveObjects: 0.220660 ms CreateObjectMapping: 0.042863 ms MarkObjects: 1.626584 ms  DeleteObjects: 0.022409 ms)

========================================================================
Received Import Request.
  Time since last request: 59.731452 seconds.
  path: Assets/Data/SceneDataSO.cs
  artifactKey: Guid(32286067d491147669bcc9ffc24b1f16) Importer(815301076,1909f56bfc062723c751e8b465ee728b)
Start importing Assets/Data/SceneDataSO.cs using Guid(32286067d491147669bcc9ffc24b1f16) Importer(815301076,1909f56bfc062723c751e8b465ee728b)  -> (artifact id: 'bffe0a5b72ee97416a499f72e47c706a') in 0.005580 seconds
  Import took 0.008437 seconds .

========================================================================
Received Prepare
Registering precompiled user dll's ...
Registered in 0.000788 seconds.
Begin MonoManager ReloadAssembly
Native extension for WindowsStandalone target not found
Native extension for OSXStandalone target not found
Native extension for WebGL target not found
Refreshing native plugins compatible for Editor in 0.29 ms, found 1 plugins.
Preloading 0 native plugins for Editor in 0.00 ms.
Invoked RoslynAnalysisRunner static constructor.
RoslynAnalysisRunner will not be running.
RoslynAnalysisRunner has terminated.
Mono: successfully reloaded assembly
- Completed reload, in  1.301 seconds
Platform modules already initialized, skipping
Refreshing native plugins compatible for Editor in 0.33 ms, found 1 plugins.
Preloading 0 native plugins for Editor in 0.00 ms.
Unloading 1153 Unused Serialized files (Serialized files now loaded: 0)
System memory in use before: 115.0 MB.
System memory in use after: 115.1 MB.

Unloading 4 unused Assets to reduce memory usage. Loaded Objects now: 1618.
Total: 3.247723 ms (FindLiveObjects: 0.280026 ms CreateObjectMapping: 0.065229 ms MarkObjects: 2.862451 ms  DeleteObjects: 0.037664 ms)

========================================================================
Received Import Request.
  Time since last request: 797.814124 seconds.
  path: Assets/_Scripts/LevelController.cs
  artifactKey: Guid(fe2e32fc7257340358d5b08790b30e82) Importer(815301076,1909f56bfc062723c751e8b465ee728b)
Start importing Assets/_Scripts/LevelController.cs using Guid(fe2e32fc7257340358d5b08790b30e82) Importer(815301076,1909f56bfc062723c751e8b465ee728b)  -> (artifact id: '21c87005d83dc5f5e89808108af0e26c') in 0.012461 seconds
  Import took 0.018472 seconds .

========================================================================
Received Prepare
Registering precompiled user dll's ...
Registered in 0.000517 seconds.
Begin MonoManager ReloadAssembly
Native extension for WindowsStandalone target not found
Native extension for OSXStandalone target not found
Native extension for WebGL target not found
Refreshing native plugins compatible for Editor in 0.29 ms, found 1 plugins.
Preloading 0 native plugins for Editor in 0.00 ms.
Invoked RoslynAnalysisRunner static constructor.
RoslynAnalysisRunner will not be running.
RoslynAnalysisRunner has terminated.
Mono: successfully reloaded assembly
- Completed reload, in  2.463 seconds
Platform modules already initialized, skipping
Refreshing native plugins compatible for Editor in 0.37 ms, found 1 plugins.
Preloading 0 native plugins for Editor in 0.00 ms.
Unloading 1154 Unused Serialized files (Serialized files now loaded: 0)
System memory in use before: 115.4 MB.
System memory in use after: 115.5 MB.

Unloading 4 unused Assets to reduce memory usage. Loaded Objects now: 1621.
Total: 3.565803 ms (FindLiveObjects: 0.253576 ms CreateObjectMapping: 0.084372 ms MarkObjects: 3.202720 ms  DeleteObjects: 0.022573 ms)

========================================================================
Received Prepare
Registering precompiled user dll's ...
Registered in 0.000541 seconds.
Begin MonoManager ReloadAssembly
Native extension for WindowsStandalone target not found
Native extension for OSXStandalone target not found
Native extension for WebGL target not found
Refreshing native plugins compatible for Editor in 0.29 ms, found 1 plugins.
Preloading 0 native plugins for Editor in 0.00 ms.
Invoked RoslynAnalysisRunner static constructor.
RoslynAnalysisRunner will not be running.
RoslynAnalysisRunner has terminated.
Mono: successfully reloaded assembly
- Completed reload, in  1.379 seconds
Platform modules already initialized, skipping
Refreshing native plugins compatible for Editor in 0.40 ms, found 1 plugins.
Preloading 0 native plugins for Editor in 0.00 ms.
Unloading 1154 Unused Serialized files (Serialized files now loaded: 0)
System memory in use before: 116.1 MB.
System memory in use after: 116.1 MB.

Unloading 4 unused Assets to reduce memory usage. Loaded Objects now: 1623.
Total: 2.230782 ms (FindLiveObjects: 0.264622 ms CreateObjectMapping: 0.053248 ms MarkObjects: 1.892219 ms  DeleteObjects: 0.018699 ms)

========================================================================
Received Import Request.
  Time since last request: 295.878012 seconds.
  path: Assets/Resources/Prefabs
  artifactKey: Guid(89ae9a360b765024f916eed75ba7a182) Importer(815301076,1909f56bfc062723c751e8b465ee728b)
Start importing Assets/Resources/Prefabs using Guid(89ae9a360b765024f916eed75ba7a182) Importer(815301076,1909f56bfc062723c751e8b465ee728b)  -> (artifact id: 'cd60daf86f1b69bf8e1cd9a12f43a741') in 0.005597 seconds
  Import took 0.012276 seconds .

========================================================================
Received Import Request.
  Time since last request: 342.604606 seconds.
  path: Assets/Resources/Prefabs/Tile1.prefab
  artifactKey: Guid(fde16ff67ba7e624f96b163011848739) Importer(815301076,1909f56bfc062723c751e8b465ee728b)
Start importing Assets/Resources/Prefabs/Tile1.prefab using Guid(fde16ff67ba7e624f96b163011848739) Importer(815301076,1909f56bfc062723c751e8b465ee728b)  -> (artifact id: '9799fba88e930416cda6f0d17881f63a') in 0.624696 seconds
  Import took 0.627724 seconds .

========================================================================
Received Import Request.
  Time since last request: 160.962743 seconds.
  path: Assets/Resources/Prefabs/TileNoEnemy.prefab
  artifactKey: Guid(f73601e4f39a145058241358b21d2b92) Importer(815301076,1909f56bfc062723c751e8b465ee728b)
Start importing Assets/Resources/Prefabs/TileNoEnemy.prefab using Guid(f73601e4f39a145058241358b21d2b92) Importer(815301076,1909f56bfc062723c751e8b465ee728b)  -> (artifact id: 'd928e542e1ba9eab229229096a3c74ae') in 0.020305 seconds
  Import took 0.027624 seconds .

========================================================================
Received Import Request.
  Time since last request: 105.903492 seconds.
  path: Assets/Resources/Prefabs/TileWithEnemy.prefab
  artifactKey: Guid(0509c58452be54f5386b773ba689d2e7) Importer(815301076,1909f56bfc062723c751e8b465ee728b)
Start importing Assets/Resources/Prefabs/TileWithEnemy.prefab using Guid(0509c58452be54f5386b773ba689d2e7) Importer(815301076,1909f56bfc062723c751e8b465ee728b)  -> (artifact id: '9f8fffd69e0b3cb6f8e1055966b35be9') in 0.015073 seconds
  Import took 0.020884 seconds .

========================================================================
Received Import Request.
  Time since last request: 47.298561 seconds.
  path: Assets/Resources/Prefabs/Crypto.prefab
  artifactKey: Guid(2d13e8f084a91c54b837e6c5cf4401c9) Importer(815301076,1909f56bfc062723c751e8b465ee728b)
Start importing Assets/Resources/Prefabs/Crypto.prefab using Guid(2d13e8f084a91c54b837e6c5cf4401c9) Importer(815301076,1909f56bfc062723c751e8b465ee728b)  -> (artifact id: '504304ff1d171f41eb176bf7ae903cf7') in 0.107596 seconds
  Import took 0.114382 seconds .

========================================================================
Received Import Request.
  Time since last request: 5.366740 seconds.
  path: Assets/Resources/Prefabs/Enemy.prefab
  artifactKey: Guid(e9e4166c721cce6469619a4eb187d055) Importer(815301076,1909f56bfc062723c751e8b465ee728b)
Start importing Assets/Resources/Prefabs/Enemy.prefab using Guid(e9e4166c721cce6469619a4eb187d055) Importer(815301076,1909f56bfc062723c751e8b465ee728b)  -> (artifact id: '5922afa97da61dd3588e23bfc4e75651') in 0.019055 seconds
  Import took 0.022623 seconds .

========================================================================
Received Import Request.
  Time since last request: 19.866760 seconds.
  path: Assets/_Scripts/LevelController.cs
  artifactKey: Guid(fe2e32fc7257340358d5b08790b30e82) Importer(815301076,1909f56bfc062723c751e8b465ee728b)
Start importing Assets/_Scripts/LevelController.cs using Guid(fe2e32fc7257340358d5b08790b30e82) Importer(815301076,1909f56bfc062723c751e8b465ee728b)  -> (artifact id: '2a01f907c7594503c2f5ca5daff9824f') in 0.003488 seconds
  Import took 0.006773 seconds .

========================================================================
Received Import Request.
  Time since last request: 0.004464 seconds.
  path: Assets/_Scripts/LevelController.cs
  artifactKey: Guid(fe2e32fc7257340358d5b08790b30e82) Importer(815301076,1909f56bfc062723c751e8b465ee728b)
Start importing Assets/_Scripts/LevelController.cs using Guid(fe2e32fc7257340358d5b08790b30e82) Importer(815301076,1909f56bfc062723c751e8b465ee728b)  -> (artifact id: '2a01f907c7594503c2f5ca5daff9824f') in 0.002109 seconds
  Import took 0.008378 seconds .

========================================================================
Received Prepare
Registering precompiled user dll's ...
Registered in 0.000491 seconds.
Begin MonoManager ReloadAssembly
Native extension for WindowsStandalone target not found
Native extension for OSXStandalone target not found
Native extension for WebGL target not found
Refreshing native plugins compatible for Editor in 0.27 ms, found 1 plugins.
Preloading 0 native plugins for Editor in 0.00 ms.
Invoked RoslynAnalysisRunner static constructor.
RoslynAnalysisRunner will not be running.
RoslynAnalysisRunner has terminated.
Mono: successfully reloaded assembly
- Completed reload, in  1.433 seconds
Platform modules already initialized, skipping
Refreshing native plugins compatible for Editor in 0.28 ms, found 1 plugins.
Preloading 0 native plugins for Editor in 0.00 ms.
Unloading 1154 Unused Serialized files (Serialized files now loaded: 0)
System memory in use before: 125.1 MB.
System memory in use after: 125.2 MB.

Unloading 4 unused Assets to reduce memory usage. Loaded Objects now: 1636.
Total: 2.319571 ms (FindLiveObjects: 0.247175 ms CreateObjectMapping: 0.088994 ms MarkObjects: 1.959774 ms  DeleteObjects: 0.021641 ms)

========================================================================
Received Prepare
Registering precompiled user dll's ...
Registered in 0.000560 seconds.
Begin MonoManager ReloadAssembly
Native extension for WindowsStandalone target not found
Native extension for OSXStandalone target not found
Native extension for WebGL target not found
Refreshing native plugins compatible for Editor in 0.48 ms, found 1 plugins.
Preloading 0 native plugins for Editor in 0.00 ms.
Invoked RoslynAnalysisRunner static constructor.
RoslynAnalysisRunner will not be running.
RoslynAnalysisRunner has terminated.
Mono: successfully reloaded assembly
- Completed reload, in  1.353 seconds
Platform modules already initialized, skipping
Refreshing native plugins compatible for Editor in 0.38 ms, found 1 plugins.
Preloading 0 native plugins for Editor in 0.00 ms.
Unloading 1154 Unused Serialized files (Serialized files now loaded: 0)
System memory in use before: 125.5 MB.
System memory in use after: 125.6 MB.

Unloading 4 unused Assets to reduce memory usage. Loaded Objects now: 1638.
Total: 2.413726 ms (FindLiveObjects: 0.228376 ms CreateObjectMapping: 0.068218 ms MarkObjects: 2.093099 ms  DeleteObjects: 0.022249 ms)

========================================================================
Received Prepare
Registering precompiled user dll's ...
Registered in 0.000790 seconds.
Begin MonoManager ReloadAssembly
Native extension for WindowsStandalone target not found
Native extension for OSXStandalone target not found
Native extension for WebGL target not found
Refreshing native plugins compatible for Editor in 0.28 ms, found 1 plugins.
Preloading 0 native plugins for Editor in 0.00 ms.
Invoked RoslynAnalysisRunner static constructor.
RoslynAnalysisRunner will not be running.
RoslynAnalysisRunner has terminated.
Mono: successfully reloaded assembly
- Completed reload, in  1.429 seconds
Platform modules already initialized, skipping
Refreshing native plugins compatible for Editor in 0.37 ms, found 1 plugins.
Preloading 0 native plugins for Editor in 0.00 ms.
Unloading 1164 Unused Serialized files (Serialized files now loaded: 0)
System memory in use before: 125.5 MB.
System memory in use after: 125.6 MB.

Unloading 4 unused Assets to reduce memory usage. Loaded Objects now: 1650.
Total: 2.255890 ms (FindLiveObjects: 0.229660 ms CreateObjectMapping: 0.054247 ms MarkObjects: 1.946473 ms  DeleteObjects: 0.023558 ms)

========================================================================
Received Import Request.
  Time since last request: 579.241070 seconds.
  path: Assets/Resources/Prefabs/TileNoEnemy.prefab
  artifactKey: Guid(f73601e4f39a145058241358b21d2b92) Importer(815301076,1909f56bfc062723c751e8b465ee728b)
Start importing Assets/Resources/Prefabs/TileNoEnemy.prefab using Guid(f73601e4f39a145058241358b21d2b92) Importer(815301076,1909f56bfc062723c751e8b465ee728b)  -> (artifact id: '1b4c46f8b1be194c8ed1798236dabf16') in 0.148489 seconds
  Import took 0.152658 seconds .

========================================================================
Received Import Request.
  Time since last request: 233.324396 seconds.
  path: Assets/Resources/Prefabs/Tile2.prefab
  artifactKey: Guid(80e4aaacd0d308c418ae8839a5a0c662) Importer(815301076,1909f56bfc062723c751e8b465ee728b)
Start importing Assets/Resources/Prefabs/Tile2.prefab using Guid(80e4aaacd0d308c418ae8839a5a0c662) Importer(815301076,1909f56bfc062723c751e8b465ee728b)  -> (artifact id: '5561cb67383249c0ca2e37255b4c504e') in 0.014662 seconds
  Import took 0.017740 seconds .

========================================================================
Received Import Request.
  Time since last request: 35.246632 seconds.
  path: Assets/Resources/Prefabs/TileWithEnemy.prefab
  artifactKey: Guid(0509c58452be54f5386b773ba689d2e7) Importer(815301076,1909f56bfc062723c751e8b465ee728b)
Start importing Assets/Resources/Prefabs/TileWithEnemy.prefab using Guid(0509c58452be54f5386b773ba689d2e7) Importer(815301076,1909f56bfc062723c751e8b465ee728b)  -> (artifact id: 'b7857239eb5935cc7ac598b7978b0361') in 0.011885 seconds
  Import took 0.017244 seconds .

========================================================================
Received Import Request.
  Time since last request: 159.503545 seconds.
  path: Assets/Resources/Prefabs/Tile2.prefab
  artifactKey: Guid(80e4aaacd0d308c418ae8839a5a0c662) Importer(815301076,1909f56bfc062723c751e8b465ee728b)
Start importing Assets/Resources/Prefabs/Tile2.prefab using Guid(80e4aaacd0d308c418ae8839a5a0c662) Importer(815301076,1909f56bfc062723c751e8b465ee728b)  -> (artifact id: '657c3572ad743c40176dce0394d2688b') in 0.018059 seconds
  Import took 0.023004 seconds .

========================================================================
Received Import Request.
  Time since last request: 12.285367 seconds.
  path: Assets/Resources/Prefabs/TileNoEnemy.prefab
  artifactKey: Guid(f73601e4f39a145058241358b21d2b92) Importer(815301076,1909f56bfc062723c751e8b465ee728b)
Start importing Assets/Resources/Prefabs/TileNoEnemy.prefab using Guid(f73601e4f39a145058241358b21d2b92) Importer(815301076,1909f56bfc062723c751e8b465ee728b)  -> (artifact id: '3d6adb10d17398fa963bb79f4c0182e1') in 0.013377 seconds
  Import took 0.016450 seconds .

========================================================================
Received Import Request.
  Time since last request: 2.195386 seconds.
  path: Assets/Resources/Prefabs/TileWithEnemy.prefab
  artifactKey: Guid(0509c58452be54f5386b773ba689d2e7) Importer(815301076,1909f56bfc062723c751e8b465ee728b)
Start importing Assets/Resources/Prefabs/TileWithEnemy.prefab using Guid(0509c58452be54f5386b773ba689d2e7) Importer(815301076,1909f56bfc062723c751e8b465ee728b)  -> (artifact id: '9a1e1a6792f12bef47aabf505ca3288c') in 0.013696 seconds
  Import took 0.020911 seconds .

========================================================================
Received Prepare
Registering precompiled user dll's ...
Registered in 0.000505 seconds.
Begin MonoManager ReloadAssembly
Native extension for WindowsStandalone target not found
Native extension for OSXStandalone target not found
Native extension for WebGL target not found
Refreshing native plugins compatible for Editor in 0.28 ms, found 1 plugins.
Preloading 0 native plugins for Editor in 0.00 ms.
Invoked RoslynAnalysisRunner static constructor.
RoslynAnalysisRunner will not be running.
RoslynAnalysisRunner has terminated.
Mono: successfully reloaded assembly
- Completed reload, in  1.265 seconds
Platform modules already initialized, skipping
Refreshing native plugins compatible for Editor in 0.40 ms, found 1 plugins.
Preloading 0 native plugins for Editor in 0.00 ms.
Unloading 1164 Unused Serialized files (Serialized files now loaded: 0)
System memory in use before: 126.3 MB.
System memory in use after: 126.4 MB.

Unloading 4 unused Assets to reduce memory usage. Loaded Objects now: 1653.
Total: 2.890454 ms (FindLiveObjects: 0.249608 ms CreateObjectMapping: 0.070288 ms MarkObjects: 2.539078 ms  DeleteObjects: 0.026690 ms)

========================================================================
Received Import Request.
  Time since last request: 664.654166 seconds.
  path: Assets/Models/tile.blend
  artifactKey: Guid(b91ad3cda6e15f548a54efbbc7819556) Importer(815301076,1909f56bfc062723c751e8b465ee728b)
Start importing Assets/Models/tile.blend using Guid(b91ad3cda6e15f548a54efbbc7819556) Importer(815301076,1909f56bfc062723c751e8b465ee728b)  -> (artifact id: '7e42192bfd94627b11cb29798af9ea34') in 0.631533 seconds
  Import took 0.635691 seconds .

========================================================================
Received Import Request.
  Time since last request: 12.130206 seconds.
  path: Assets/Models/tile2.fbx
  artifactKey: Guid(a42ca263c5c6a9f42946a20bd47cf29a) Importer(815301076,1909f56bfc062723c751e8b465ee728b)
Start importing Assets/Models/tile2.fbx using Guid(a42ca263c5c6a9f42946a20bd47cf29a) Importer(815301076,1909f56bfc062723c751e8b465ee728b)  -> (artifact id: '88261401df7387079e87db57ecd96ab5') in 0.526319 seconds
  Import took 0.529156 seconds .

========================================================================
Received Import Request.
  Time since last request: 14.776958 seconds.
  path: Assets/Models/tile2.fbx
  artifactKey: Guid(a42ca263c5c6a9f42946a20bd47cf29a) Importer(815301076,1909f56bfc062723c751e8b465ee728b)
Start importing Assets/Models/tile2.fbx using Guid(a42ca263c5c6a9f42946a20bd47cf29a) Importer(815301076,1909f56bfc062723c751e8b465ee728b)  -> (artifact id: 'f0c205dd12d1546d1282fc0328001d0b') in 0.028534 seconds
  Import took 0.033059 seconds .

========================================================================
Received Import Request.
  Time since last request: 4.499202 seconds.
  path: Assets/Models/tile.blend
  artifactKey: Guid(b91ad3cda6e15f548a54efbbc7819556) Importer(815301076,1909f56bfc062723c751e8b465ee728b)
Start importing Assets/Models/tile.blend using Guid(b91ad3cda6e15f548a54efbbc7819556) Importer(815301076,1909f56bfc062723c751e8b465ee728b)  -> (artifact id: 'e742941f1aaa17b2be5c1ba72aaf884a') in 0.034901 seconds
  Import took 0.037846 seconds .

========================================================================
Received Import Request.
  Time since last request: 0.001962 seconds.
  path: Assets/Models/tile.blend
  artifactKey: Guid(b91ad3cda6e15f548a54efbbc7819556) Importer(815301076,1909f56bfc062723c751e8b465ee728b)
Start importing Assets/Models/tile.blend using Guid(b91ad3cda6e15f548a54efbbc7819556) Importer(815301076,1909f56bfc062723c751e8b465ee728b)  -> (artifact id: 'e742941f1aaa17b2be5c1ba72aaf884a') in 0.060396 seconds
  Import took 0.065225 seconds .

========================================================================
Received Import Request.
  Time since last request: 40.908174 seconds.
  path: Assets/_Scripts/LevelController.cs
  artifactKey: Guid(fe2e32fc7257340358d5b08790b30e82) Importer(815301076,1909f56bfc062723c751e8b465ee728b)
Start importing Assets/_Scripts/LevelController.cs using Guid(fe2e32fc7257340358d5b08790b30e82) Importer(815301076,1909f56bfc062723c751e8b465ee728b)  -> (artifact id: 'e517ee8c325e1905db30e81aa496c4ac') in 0.002240 seconds
  Import took 0.005791 seconds .

========================================================================
Received Import Request.
  Time since last request: 0.001669 seconds.
  path: Assets/_Scripts/LevelController.cs
  artifactKey: Guid(fe2e32fc7257340358d5b08790b30e82) Importer(815301076,1909f56bfc062723c751e8b465ee728b)
Start importing Assets/_Scripts/LevelController.cs using Guid(fe2e32fc7257340358d5b08790b30e82) Importer(815301076,1909f56bfc062723c751e8b465ee728b)  -> (artifact id: 'e517ee8c325e1905db30e81aa496c4ac') in 0.003193 seconds
  Import took 0.009510 seconds .

========================================================================
Received Prepare
Registering precompiled user dll's ...
Registered in 0.000676 seconds.
Begin MonoManager ReloadAssembly
Native extension for WindowsStandalone target not found
Native extension for OSXStandalone target not found
Native extension for WebGL target not found
Refreshing native plugins compatible for Editor in 0.30 ms, found 1 plugins.
Preloading 0 native plugins for Editor in 0.00 ms.
Invoked RoslynAnalysisRunner static constructor.
RoslynAnalysisRunner will not be running.
RoslynAnalysisRunner has terminated.
Mono: successfully reloaded assembly
- Completed reload, in  1.722 seconds
Platform modules already initialized, skipping
Refreshing native plugins compatible for Editor in 0.43 ms, found 1 plugins.
Preloading 0 native plugins for Editor in 0.00 ms.
Unloading 1164 Unused Serialized files (Serialized files now loaded: 0)
System memory in use before: 136.5 MB.
System memory in use after: 136.6 MB.

Unloading 4 unused Assets to reduce memory usage. Loaded Objects now: 1691.
Total: 2.909019 ms (FindLiveObjects: 0.413601 ms CreateObjectMapping: 0.124668 ms MarkObjects: 2.344807 ms  DeleteObjects: 0.022634 ms)

========================================================================
Received Import Request.
  Time since last request: 53.538822 seconds.
  path: Assets/_Scripts/LevelController.cs
  artifactKey: Guid(fe2e32fc7257340358d5b08790b30e82) Importer(815301076,1909f56bfc062723c751e8b465ee728b)
Start importing Assets/_Scripts/LevelController.cs using Guid(fe2e32fc7257340358d5b08790b30e82) Importer(815301076,1909f56bfc062723c751e8b465ee728b)  -> (artifact id: '438bd9f053c3171af2fbfccb10911efc') in 0.008627 seconds
  Import took 0.013446 seconds .

========================================================================
Received Prepare
Registering precompiled user dll's ...
Registered in 0.000595 seconds.
Begin MonoManager ReloadAssembly
Native extension for WindowsStandalone target not found
Native extension for OSXStandalone target not found
Native extension for WebGL target not found
Refreshing native plugins compatible for Editor in 0.36 ms, found 1 plugins.
Preloading 0 native plugins for Editor in 0.00 ms.
Invoked RoslynAnalysisRunner static constructor.
RoslynAnalysisRunner will not be running.
RoslynAnalysisRunner has terminated.
Mono: successfully reloaded assembly
- Completed reload, in  1.449 seconds
Platform modules already initialized, skipping
Refreshing native plugins compatible for Editor in 0.27 ms, found 1 plugins.
Preloading 0 native plugins for Editor in 0.00 ms.
Unloading 1164 Unused Serialized files (Serialized files now loaded: 0)
System memory in use before: 136.1 MB.
System memory in use after: 136.2 MB.

Unloading 4 unused Assets to reduce memory usage. Loaded Objects now: 1693.
Total: 3.725607 ms (FindLiveObjects: 0.255433 ms CreateObjectMapping: 0.086619 ms MarkObjects: 3.353386 ms  DeleteObjects: 0.027402 ms)

========================================================================
Received Import Request.
  Time since last request: 128.247598 seconds.
  path: Assets/Resources/Prefabs/Tile1.prefab
  artifactKey: Guid(fde16ff67ba7e624f96b163011848739) Importer(815301076,1909f56bfc062723c751e8b465ee728b)
Start importing Assets/Resources/Prefabs/Tile1.prefab using Guid(fde16ff67ba7e624f96b163011848739) Importer(815301076,1909f56bfc062723c751e8b465ee728b)  -> (artifact id: 'ad7260438ece40cb4d2aa905eb53be4d') in 0.098904 seconds
  Import took 0.103004 seconds .

========================================================================
Received Prepare
Registering precompiled user dll's ...
Registered in 0.000794 seconds.
Begin MonoManager ReloadAssembly
Native extension for WindowsStandalone target not found
Native extension for OSXStandalone target not found
Native extension for WebGL target not found
Refreshing native plugins compatible for Editor in 0.29 ms, found 1 plugins.
Preloading 0 native plugins for Editor in 0.00 ms.
Invoked RoslynAnalysisRunner static constructor.
RoslynAnalysisRunner will not be running.
RoslynAnalysisRunner has terminated.
Mono: successfully reloaded assembly
- Completed reload, in  1.371 seconds
Platform modules already initialized, skipping
Refreshing native plugins compatible for Editor in 0.27 ms, found 1 plugins.
Preloading 0 native plugins for Editor in 0.00 ms.
Unloading 1164 Unused Serialized files (Serialized files now loaded: 0)
System memory in use before: 136.8 MB.
System memory in use after: 136.9 MB.

Unloading 4 unused Assets to reduce memory usage. Loaded Objects now: 1696.
Total: 2.128559 ms (FindLiveObjects: 0.311330 ms CreateObjectMapping: 0.052019 ms MarkObjects: 1.742161 ms  DeleteObjects: 0.021396 ms)

========================================================================
Received Import Request.
  Time since last request: 226.968709 seconds.
  path: Assets/Resources/Prefabs/Crypto 1.prefab
  artifactKey: Guid(b8cea43ff08677946acb3c5f4971de9d) Importer(815301076,1909f56bfc062723c751e8b465ee728b)
Start importing Assets/Resources/Prefabs/Crypto 1.prefab using Guid(b8cea43ff08677946acb3c5f4971de9d) Importer(815301076,1909f56bfc062723c751e8b465ee728b)  -> (artifact id: '7115776f4a2d245a5c3d1ecae74efcb5') in 1.058839 seconds
  Import took 1.071816 seconds .

========================================================================
Received Import Request.
  Time since last request: 303.978826 seconds.
  path: Assets/Resources/Prefabs/TileWithEnemy.prefab
  artifactKey: Guid(0509c58452be54f5386b773ba689d2e7) Importer(815301076,1909f56bfc062723c751e8b465ee728b)
Start importing Assets/Resources/Prefabs/TileWithEnemy.prefab using Guid(0509c58452be54f5386b773ba689d2e7) Importer(815301076,1909f56bfc062723c751e8b465ee728b)  -> (artifact id: '2993406f78facad9d38eff45c5aa06a7') in 0.011662 seconds
  Import took 0.017753 seconds .

========================================================================
Received Import Request.
  Time since last request: 128.398282 seconds.
  path: Assets/Resources/Prefabs/TileNoEnemy.prefab
  artifactKey: Guid(f73601e4f39a145058241358b21d2b92) Importer(815301076,1909f56bfc062723c751e8b465ee728b)
Start importing Assets/Resources/Prefabs/TileNoEnemy.prefab using Guid(f73601e4f39a145058241358b21d2b92) Importer(815301076,1909f56bfc062723c751e8b465ee728b)  -> (artifact id: '53aa6e40123d2e1afe4d4ad4e87ac2e4') in 0.035741 seconds
  Import took 0.040773 seconds .

========================================================================
Received Import Request.
  Time since last request: 7.520449 seconds.
  path: Assets/Resources/Prefabs/TileNoEnemy.prefab
  artifactKey: Guid(f73601e4f39a145058241358b21d2b92) Importer(815301076,1909f56bfc062723c751e8b465ee728b)
Start importing Assets/Resources/Prefabs/TileNoEnemy.prefab using Guid(f73601e4f39a145058241358b21d2b92) Importer(815301076,1909f56bfc062723c751e8b465ee728b)  -> (artifact id: '44e6d9027e831b66e5e6857c1a5a8334') in 0.046087 seconds
  Import took 0.052099 seconds .

========================================================================
Received Import Request.
  Time since last request: 194.361130 seconds.
  path: Assets/Resources/Prefabs/TileWithEnemy.prefab
  artifactKey: Guid(0509c58452be54f5386b773ba689d2e7) Importer(815301076,1909f56bfc062723c751e8b465ee728b)
Start importing Assets/Resources/Prefabs/TileWithEnemy.prefab using Guid(0509c58452be54f5386b773ba689d2e7) Importer(815301076,1909f56bfc062723c751e8b465ee728b)  -> (artifact id: 'afcbf6b3a9a348a995e97465327b66d7') in 0.026118 seconds
  Import took 0.032578 seconds .

========================================================================
Received Import Request.
  Time since last request: 33.992983 seconds.
  path: Assets/Resources/Prefabs/TileWithEnemy.prefab
  artifactKey: Guid(0509c58452be54f5386b773ba689d2e7) Importer(815301076,1909f56bfc062723c751e8b465ee728b)
Start importing Assets/Resources/Prefabs/TileWithEnemy.prefab using Guid(0509c58452be54f5386b773ba689d2e7) Importer(815301076,1909f56bfc062723c751e8b465ee728b)  -> (artifact id: '5869a493fd44eb70fb659e6a0679a29c') in 0.030245 seconds
  Import took 0.034787 seconds .

========================================================================
Received Prepare
Registering precompiled user dll's ...
Registered in 0.001084 seconds.
Begin MonoManager ReloadAssembly
Native extension for WindowsStandalone target not found
Native extension for OSXStandalone target not found
Native extension for WebGL target not found
Refreshing native plugins compatible for Editor in 0.28 ms, found 1 plugins.
Preloading 0 native plugins for Editor in 0.00 ms.
Invoked RoslynAnalysisRunner static constructor.
RoslynAnalysisRunner will not be running.
RoslynAnalysisRunner has terminated.
Mono: successfully reloaded assembly
- Completed reload, in  1.245 seconds
Platform modules already initialized, skipping
Refreshing native plugins compatible for Editor in 0.73 ms, found 1 plugins.
Preloading 0 native plugins for Editor in 0.00 ms.
Unloading 1164 Unused Serialized files (Serialized files now loaded: 0)
System memory in use before: 138.2 MB.
System memory in use after: 138.3 MB.

Unloading 4 unused Assets to reduce memory usage. Loaded Objects now: 1699.
Total: 2.820192 ms (FindLiveObjects: 0.285450 ms CreateObjectMapping: 0.071214 ms MarkObjects: 2.435426 ms  DeleteObjects: 0.025910 ms)

========================================================================
Received Import Request.
  Time since last request: 157.182626 seconds.
  path: Assets/Resources/Prefabs/TileWithEnemy.prefab
  artifactKey: Guid(0509c58452be54f5386b773ba689d2e7) Importer(815301076,1909f56bfc062723c751e8b465ee728b)
Start importing Assets/Resources/Prefabs/TileWithEnemy.prefab using Guid(0509c58452be54f5386b773ba689d2e7) Importer(815301076,1909f56bfc062723c751e8b465ee728b)  -> (artifact id: '755ab52b4caafc7495450d457cae9264') in 0.083740 seconds
  Import took 0.087781 seconds .

========================================================================
Received Import Request.
  Time since last request: 2.173837 seconds.
  path: Assets/Resources/Prefabs/TileWithEnemy.prefab
  artifactKey: Guid(0509c58452be54f5386b773ba689d2e7) Importer(815301076,1909f56bfc062723c751e8b465ee728b)
Start importing Assets/Resources/Prefabs/TileWithEnemy.prefab using Guid(0509c58452be54f5386b773ba689d2e7) Importer(815301076,1909f56bfc062723c751e8b465ee728b)  -> (artifact id: 'd2314a2b2c17a9407e257ad6e6a5292b') in 0.024746 seconds
  Import took 0.030094 seconds .

========================================================================
Received Prepare
Registering precompiled user dll's ...
Registered in 0.000841 seconds.
Begin MonoManager ReloadAssembly
Native extension for WindowsStandalone target not found
Native extension for OSXStandalone target not found
Native extension for WebGL target not found
Refreshing native plugins compatible for Editor in 0.27 ms, found 1 plugins.
Preloading 0 native plugins for Editor in 0.00 ms.
Invoked RoslynAnalysisRunner static constructor.
RoslynAnalysisRunner will not be running.
RoslynAnalysisRunner has terminated.
Mono: successfully reloaded assembly
- Completed reload, in  1.495 seconds
Platform modules already initialized, skipping
Refreshing native plugins compatible for Editor in 0.34 ms, found 1 plugins.
Preloading 0 native plugins for Editor in 0.00 ms.
Unloading 1164 Unused Serialized files (Serialized files now loaded: 0)
System memory in use before: 138.2 MB.
System memory in use after: 138.3 MB.

Unloading 4 unused Assets to reduce memory usage. Loaded Objects now: 1702.
Total: 2.279420 ms (FindLiveObjects: 0.194943 ms CreateObjectMapping: 0.055765 ms MarkObjects: 2.009845 ms  DeleteObjects: 0.016966 ms)

========================================================================
Received Import Request.
  Time since last request: 101.672946 seconds.
  path: Assets/Resources/Prefabs/TileWithEnemy 1.prefab
  artifactKey: Guid(02d1929b691c04b1a869426e0f7c26a4) Importer(815301076,1909f56bfc062723c751e8b465ee728b)
Start importing Assets/Resources/Prefabs/TileWithEnemy 1.prefab using Guid(02d1929b691c04b1a869426e0f7c26a4) Importer(815301076,1909f56bfc062723c751e8b465ee728b)  -> (artifact id: 'e84384d252187b46f496f95b2a31e27c') in 0.176243 seconds
  Import took 0.180605 seconds .

========================================================================
Received Import Request.
  Time since last request: 83.130664 seconds.
  path: Assets/Resources/Prefabs/TileWithEnemy.prefab
  artifactKey: Guid(02d1929b691c04b1a869426e0f7c26a4) Importer(815301076,1909f56bfc062723c751e8b465ee728b)
Start importing Assets/Resources/Prefabs/TileWithEnemy.prefab using Guid(02d1929b691c04b1a869426e0f7c26a4) Importer(815301076,1909f56bfc062723c751e8b465ee728b)  -> (artifact id: '326828474954d1263fcf2a8ac7c748e0') in 0.025030 seconds
  Import took 0.030521 seconds .

========================================================================
Received Prepare
Registering precompiled user dll's ...
Registered in 0.000578 seconds.
Begin MonoManager ReloadAssembly
Native extension for WindowsStandalone target not found
Native extension for OSXStandalone target not found
Native extension for WebGL target not found
Refreshing native plugins compatible for Editor in 0.28 ms, found 1 plugins.
Preloading 0 native plugins for Editor in 0.00 ms.
Invoked RoslynAnalysisRunner static constructor.
RoslynAnalysisRunner will not be running.
RoslynAnalysisRunner has terminated.
Mono: successfully reloaded assembly
- Completed reload, in  1.213 seconds
Platform modules already initialized, skipping
Refreshing native plugins compatible for Editor in 0.27 ms, found 1 plugins.
Preloading 0 native plugins for Editor in 0.00 ms.
Unloading 1164 Unused Serialized files (Serialized files now loaded: 0)
System memory in use before: 139.0 MB.
System memory in use after: 139.0 MB.

Unloading 4 unused Assets to reduce memory usage. Loaded Objects now: 1705.
Total: 2.668187 ms (FindLiveObjects: 0.234188 ms CreateObjectMapping: 0.067168 ms MarkObjects: 2.342807 ms  DeleteObjects: 0.021340 ms)

========================================================================
Received Import Request.
  Time since last request: 60.480555 seconds.
  path: Assets/Resources/Prefabs/TileWithEnemy.prefab
  artifactKey: Guid(02d1929b691c04b1a869426e0f7c26a4) Importer(815301076,1909f56bfc062723c751e8b465ee728b)
Start importing Assets/Resources/Prefabs/TileWithEnemy.prefab using Guid(02d1929b691c04b1a869426e0f7c26a4) Importer(815301076,1909f56bfc062723c751e8b465ee728b)  -> (artifact id: '0b875425d9fbf8f5263ba68b20fd2914') in 0.157205 seconds
  Import took 0.161526 seconds .

========================================================================
Received Prepare
Registering precompiled user dll's ...
Registered in 0.000526 seconds.
Begin MonoManager ReloadAssembly
Native extension for WindowsStandalone target not found
Native extension for OSXStandalone target not found
Native extension for WebGL target not found
Refreshing native plugins compatible for Editor in 0.28 ms, found 1 plugins.
Preloading 0 native plugins for Editor in 0.00 ms.
Invoked RoslynAnalysisRunner static constructor.
RoslynAnalysisRunner will not be running.
RoslynAnalysisRunner has terminated.
Mono: successfully reloaded assembly
- Completed reload, in  1.213 seconds
Platform modules already initialized, skipping
Refreshing native plugins compatible for Editor in 0.32 ms, found 1 plugins.
Preloading 0 native plugins for Editor in 0.00 ms.
Unloading 1164 Unused Serialized files (Serialized files now loaded: 0)
System memory in use before: 138.9 MB.
System memory in use after: 138.9 MB.

Unloading 4 unused Assets to reduce memory usage. Loaded Objects now: 1708.
Total: 2.697870 ms (FindLiveObjects: 0.317125 ms CreateObjectMapping: 0.073183 ms MarkObjects: 2.283271 ms  DeleteObjects: 0.022105 ms)

========================================================================
Received Prepare
Registering precompiled user dll's ...
Registered in 0.000692 seconds.
Begin MonoManager ReloadAssembly
Native extension for WindowsStandalone target not found
Native extension for OSXStandalone target not found
Native extension for WebGL target not found
Refreshing native plugins compatible for Editor in 0.29 ms, found 1 plugins.
Preloading 0 native plugins for Editor in 0.00 ms.
Invoked RoslynAnalysisRunner static constructor.
RoslynAnalysisRunner will not be running.
RoslynAnalysisRunner has terminated.
Mono: successfully reloaded assembly
- Completed reload, in  1.344 seconds
Platform modules already initialized, skipping
Refreshing native plugins compatible for Editor in 0.54 ms, found 1 plugins.
Preloading 0 native plugins for Editor in 0.00 ms.
Unloading 1164 Unused Serialized files (Serialized files now loaded: 0)
System memory in use before: 139.5 MB.
System memory in use after: 139.5 MB.

Unloading 4 unused Assets to reduce memory usage. Loaded Objects now: 1710.
Total: 3.501035 ms (FindLiveObjects: 0.255020 ms CreateObjectMapping: 0.075805 ms MarkObjects: 3.125563 ms  DeleteObjects: 0.041950 ms)

========================================================================
Received Prepare
Registering precompiled user dll's ...
Registered in 0.000833 seconds.
Begin MonoManager ReloadAssembly
Native extension for WindowsStandalone target not found
Native extension for OSXStandalone target not found
Native extension for WebGL target not found
Refreshing native plugins compatible for Editor in 0.33 ms, found 1 plugins.
Preloading 0 native plugins for Editor in 0.00 ms.
Invoked RoslynAnalysisRunner static constructor.
RoslynAnalysisRunner will not be running.
RoslynAnalysisRunner has terminated.
Mono: successfully reloaded assembly
- Completed reload, in  1.272 seconds
Platform modules already initialized, skipping
Refreshing native plugins compatible for Editor in 0.29 ms, found 1 plugins.
Preloading 0 native plugins for Editor in 0.00 ms.
Unloading 1164 Unused Serialized files (Serialized files now loaded: 0)
System memory in use before: 139.7 MB.
System memory in use after: 139.7 MB.

Unloading 4 unused Assets to reduce memory usage. Loaded Objects now: 1712.
Total: 2.497133 ms (FindLiveObjects: 0.297962 ms CreateObjectMapping: 0.073887 ms MarkObjects: 2.101815 ms  DeleteObjects: 0.019291 ms)

========================================================================
Received Import Request.
  Time since last request: 533.824298 seconds.
  path: Assets/Resources/Prefabs/TileNoEnemy 1.prefab
  artifactKey: Guid(90adc6b84bc5a4014b71323a4086445e) Importer(815301076,1909f56bfc062723c751e8b465ee728b)
Start importing Assets/Resources/Prefabs/TileNoEnemy 1.prefab using Guid(90adc6b84bc5a4014b71323a4086445e) Importer(815301076,1909f56bfc062723c751e8b465ee728b)  -> (artifact id: '2bd516b5ec7321832ae99e57d97afb60') in 0.102613 seconds
  Import took 0.106952 seconds .

========================================================================
Received Import Request.
  Time since last request: 7.990878 seconds.
  path: Assets/Resources/Prefabs/TileWithEnemy Variant.prefab
  artifactKey: Guid(e728cc7e141d247be913193b20d96ac3) Importer(815301076,1909f56bfc062723c751e8b465ee728b)
Start importing Assets/Resources/Prefabs/TileWithEnemy Variant.prefab using Guid(e728cc7e141d247be913193b20d96ac3) Importer(815301076,1909f56bfc062723c751e8b465ee728b)  -> (artifact id: '141e64077f56728a5e1c8677b2792c1b') in 0.030492 seconds
  Import took 0.036244 seconds .

========================================================================
Received Import Request.
  Time since last request: 20.081598 seconds.
  path: Assets/Resources/Prefabs/TileWithEnemy 1.prefab
  artifactKey: Guid(f2f9d5fbf8c9b4e5fa2e945e96f21abc) Importer(815301076,1909f56bfc062723c751e8b465ee728b)
Start importing Assets/Resources/Prefabs/TileWithEnemy 1.prefab using Guid(f2f9d5fbf8c9b4e5fa2e945e96f21abc) Importer(815301076,1909f56bfc062723c751e8b465ee728b)  -> (artifact id: '06c2633c03b354c69ccb9c49b0d091c7') in 0.018472 seconds
  Import took 0.026258 seconds .

========================================================================
Received Prepare
Registering precompiled user dll's ...
Registered in 0.000611 seconds.
Begin MonoManager ReloadAssembly
Native extension for WindowsStandalone target not found
Native extension for OSXStandalone target not found
Native extension for WebGL target not found
Refreshing native plugins compatible for Editor in 0.36 ms, found 1 plugins.
Preloading 0 native plugins for Editor in 0.00 ms.
Invoked RoslynAnalysisRunner static constructor.
RoslynAnalysisRunner will not be running.
RoslynAnalysisRunner has terminated.
Mono: successfully reloaded assembly
- Completed reload, in  1.331 seconds
Platform modules already initialized, skipping
Refreshing native plugins compatible for Editor in 0.25 ms, found 1 plugins.
Preloading 0 native plugins for Editor in 0.00 ms.
Unloading 1164 Unused Serialized files (Serialized files now loaded: 0)
System memory in use before: 139.9 MB.
System memory in use after: 139.9 MB.

Unloading 4 unused Assets to reduce memory usage. Loaded Objects now: 1715.
Total: 2.553267 ms (FindLiveObjects: 0.243671 ms CreateObjectMapping: 0.050193 ms MarkObjects: 2.230763 ms  DeleteObjects: 0.026186 ms)

========================================================================
Received Prepare
Registering precompiled user dll's ...
Registered in 0.000910 seconds.
Begin MonoManager ReloadAssembly
Native extension for WindowsStandalone target not found
Native extension for OSXStandalone target not found
Native extension for WebGL target not found
Refreshing native plugins compatible for Editor in 0.28 ms, found 1 plugins.
Preloading 0 native plugins for Editor in 0.00 ms.
Invoked RoslynAnalysisRunner static constructor.
RoslynAnalysisRunner will not be running.
RoslynAnalysisRunner has terminated.
Mono: successfully reloaded assembly
- Completed reload, in  1.136 seconds
Platform modules already initialized, skipping
Refreshing native plugins compatible for Editor in 0.27 ms, found 1 plugins.
Preloading 0 native plugins for Editor in 0.00 ms.
Unloading 1164 Unused Serialized files (Serialized files now loaded: 0)
System memory in use before: 140.2 MB.
System memory in use after: 140.3 MB.

Unloading 4 unused Assets to reduce memory usage. Loaded Objects now: 1717.
Total: 3.293525 ms (FindLiveObjects: 0.280544 ms CreateObjectMapping: 0.085113 ms MarkObjects: 2.877558 ms  DeleteObjects: 0.030674 ms)

